TN:
SF:src\main.tsx
FN:20,getRootElement
FN:34,bootstrap
FNF:2
FNH:0
FNDA:0,getRootElement
FNDA:0,bootstrap
DA:8,0
DA:9,0
DA:10,0
DA:11,0
DA:12,0
DA:21,0
DA:22,0
DA:23,0
DA:28,0
DA:35,0
DA:36,0
DA:44,0
LF:12
LH:0
BRDA:22,0,0,0
BRF:1
BRH:0
end_of_record
TN:
SF:src\app\layouts\DashboardLayout.tsx
FN:26,(anonymous_1)
FNF:1
FNH:1
FNDA:6,(anonymous_1)
DA:9,1
DA:10,1
DA:11,1
DA:12,1
DA:13,1
DA:26,1
DA:27,6
DA:28,6
DA:30,6
LF:9
LH:9
BRDA:42,0,0,2
BRDA:42,0,1,4
BRF:2
BRH:2
end_of_record
TN:
SF:src\app\providers\WebSocketProvider.tsx
FN:34,(anonymous_0)
FN:35,(anonymous_1)
FNF:2
FNH:2
FNDA:4,(anonymous_0)
FNDA:3,(anonymous_1)
DA:7,1
DA:8,1
DA:9,1
DA:10,1
DA:14,1
DA:34,1
DA:35,4
DA:36,3
DA:39,3
DA:42,3
DA:43,3
DA:45,3
DA:48,4
LF:13
LH:13
BRF:0
BRH:0
end_of_record
TN:
SF:src\app\routing\AppRouter.tsx
FN:41,TokenInjector
FN:44,(anonymous_10)
FN:61,AppProviders
FN:118,(anonymous_12)
FNF:4
FNH:4
FNDA:4,TokenInjector
FNDA:4,(anonymous_10)
FNDA:4,AppProviders
FNDA:4,(anonymous_12)
DA:18,1
DA:19,1
DA:20,1
DA:21,1
DA:22,1
DA:23,1
DA:24,1
DA:25,1
DA:26,1
DA:27,1
DA:28,1
DA:29,1
DA:30,1
DA:31,1
DA:32,1
DA:33,1
DA:34,1
DA:35,1
DA:42,4
DA:44,4
DA:45,4
DA:46,3
DA:47,3
DA:49,1
DA:50,1
DA:53,4
DA:62,4
DA:79,1
DA:118,1
DA:119,4
LF:30
LH:30
BRDA:45,0,0,3
BRDA:45,1,0,4
BRDA:45,1,1,2
BRF:3
BRH:3
end_of_record
TN:
SF:src\app\stores\header-store\useHeaderStore.ts
FN:20,(anonymous_0)
FN:22,(anonymous_1)
FN:23,(anonymous_2)
FNF:3
FNH:3
FNDA:7,(anonymous_0)
FNDA:20,(anonymous_1)
FNDA:27,(anonymous_2)
DA:8,7
DA:10,7
DA:20,7
DA:22,20
DA:23,27
LF:5
LH:5
BRF:0
BRH:0
end_of_record
TN:
SF:src\app\stores\header-store\constants\headerConstants.ts
FNF:0
FNH:0
DA:12,8
LF:1
LH:1
BRF:0
BRH:0
end_of_record
TN:
SF:src\app\stores\header-store\hooks\useHeader.ts
FN:36,useHeader
FN:37,(anonymous_1)
FN:38,(anonymous_2)
FN:40,(anonymous_3)
FN:42,(anonymous_4)
FNF:5
FNH:5
FNDA:13,useHeader
FNDA:58,(anonymous_1)
FNDA:58,(anonymous_2)
FNDA:13,(anonymous_3)
FNDA:13,(anonymous_4)
DA:8,6
DA:9,6
DA:36,6
DA:37,58
DA:38,58
DA:40,13
DA:41,13
DA:42,13
DA:44,13
LF:9
LH:9
BRF:0
BRH:0
end_of_record
TN:
SF:src\modules\auth\routes.tsx
FN:24,authRoutes
FNF:1
FNH:1
FNDA:5,authRoutes
DA:13,6
DA:24,6
DA:25,5
LF:3
LH:3
BRF:0
BRH:0
end_of_record
TN:
SF:src\modules\auth\api\userInfoClient.ts
FN:28,getCurrentUser
FN:68,refreshUserInfo
FNF:2
FNH:2
FNDA:7,getCurrentUser
FNDA:2,refreshUserInfo
DA:7,9
DA:9,9
DA:10,9
DA:28,9
DA:29,7
DA:30,7
DA:31,2
DA:33,5
DA:36,5
DA:37,2
DA:41,3
DA:68,9
DA:69,2
LF:13
LH:13
BRDA:36,0,0,2
BRDA:45,1,0,2
BRDA:45,1,1,1
BRF:3
BRH:3
end_of_record
TN:
SF:src\modules\auth\config\msalConfig.ts
FN:23,validateAzureAdConfig
FNF:1
FNH:1
FNDA:4,validateAzureAdConfig
DA:14,4
DA:15,4
DA:16,4
DA:24,4
DA:25,0
DA:31,4
DA:32,0
DA:38,4
DA:39,0
DA:51,4
DA:113,4
DA:123,4
LF:12
LH:9
BRDA:24,0,0,0
BRDA:31,1,0,0
BRDA:38,2,0,0
BRF:3
BRH:0
end_of_record
TN:
SF:src\modules\auth\contexts\AuthContext.tsx
FN:30,(anonymous_9)
FN:33,(anonymous_10)
FN:34,(anonymous_11)
FN:37,(anonymous_12)
FN:53,(anonymous_13)
FN:69,(anonymous_14)
FN:76,(anonymous_15)
FN:88,(anonymous_16)
FN:103,(anonymous_17)
FN:122,(anonymous_18)
FN:168,(anonymous_19)
FN:196,(anonymous_20)
FNF:12
FNH:8
FNDA:0,(anonymous_9)
FNDA:0,(anonymous_10)
FNDA:0,(anonymous_11)
FNDA:0,(anonymous_12)
FNDA:9,(anonymous_13)
FNDA:22,(anonymous_14)
FNDA:9,(anonymous_15)
FNDA:1,(anonymous_16)
FNDA:1,(anonymous_17)
FNDA:3,(anonymous_18)
FNDA:2,(anonymous_19)
FNDA:22,(anonymous_20)
DA:8,8
DA:9,8
DA:16,8
DA:17,8
DA:19,8
DA:20,8
DA:21,8
DA:22,8
DA:27,8
DA:31,0
DA:35,0
DA:38,0
DA:45,8
DA:53,8
DA:54,9
DA:69,8
DA:70,22
DA:71,22
DA:73,22
DA:74,22
DA:76,22
DA:78,9
DA:79,9
DA:88,22
DA:89,1
DA:93,1
DA:94,1
DA:103,22
DA:104,1
DA:106,1
DA:109,1
DA:110,1
DA:122,22
DA:123,3
DA:124,1
DA:127,2
DA:128,2
DA:129,0
DA:134,2
DA:135,2
DA:140,1
DA:142,1
DA:148,1
DA:152,1
DA:154,0
DA:155,0
DA:168,22
DA:169,2
DA:170,0
DA:173,2
DA:179,2
DA:180,2
DA:181,1
DA:182,1
DA:185,1
DA:186,1
DA:190,1
DA:191,1
DA:195,22
DA:196,22
DA:200,22
LF:61
LH:54
BRDA:78,0,0,6
BRDA:78,0,1,3
BRDA:78,1,0,9
BRDA:78,1,1,6
BRDA:104,2,0,1
BRDA:123,3,0,1
BRDA:128,4,0,0
BRDA:142,5,0,1
BRDA:143,6,0,1
BRDA:143,6,1,0
BRDA:143,6,2,0
BRDA:143,6,3,0
BRDA:169,7,0,0
BRF:13
BRH:8
end_of_record
TN:
SF:src\modules\auth\enums\UserRole.ts
FN:11,(anonymous_0)
FNF:1
FNH:1
FNDA:11,(anonymous_0)
DA:11,11
DA:12,11
DA:13,11
DA:14,11
DA:15,11
DA:16,11
LF:6
LH:6
BRDA:11,0,0,11
BRDA:11,0,1,11
BRF:2
BRH:2
end_of_record
TN:
SF:src\modules\auth\errors\authErrors.ts
FN:13,(anonymous_0)
FN:23,(anonymous_1)
FNF:2
FNH:2
FNDA:6,(anonymous_0)
FNDA:3,(anonymous_1)
DA:7,10
DA:12,10
DA:14,6
DA:22,10
DA:24,3
LF:5
LH:5
BRF:0
BRH:0
end_of_record
TN:
SF:src\modules\auth\hooks\useAuth.ts
FN:31,useAuth
FNF:1
FNH:1
FNDA:8,useAuth
DA:7,9
DA:8,9
DA:10,9
DA:31,9
DA:32,8
DA:34,8
DA:35,4
DA:41,4
LF:8
LH:8
BRDA:34,0,0,4
BRF:1
BRH:1
end_of_record
TN:
SF:src\modules\auth\hooks\useRetryUserInfo.ts
FN:45,useRetryUserInfo
FN:61,(anonymous_1)
FN:69,(anonymous_2)
FN:88,(anonymous_3)
FN:99,(anonymous_4)
FN:109,(anonymous_5)
FN:123,(anonymous_6)
FN:136,(anonymous_7)
FN:170,(anonymous_8)
FN:187,(anonymous_9)
FN:220,(anonymous_10)
FN:231,(anonymous_11)
FN:232,(anonymous_12)
FNF:13
FNH:13
FNDA:31,useRetryUserInfo
FNDA:11,(anonymous_1)
FNDA:1,(anonymous_2)
FNDA:31,(anonymous_3)
FNDA:7,(anonymous_4)
FNDA:4,(anonymous_5)
FNDA:3,(anonymous_6)
FNDA:14,(anonymous_7)
FNDA:11,(anonymous_8)
FNDA:18,(anonymous_9)
FNDA:8,(anonymous_10)
FNDA:11,(anonymous_11)
FNDA:11,(anonymous_12)
DA:9,7
DA:10,7
DA:11,7
DA:12,7
DA:13,7
DA:15,7
DA:45,7
DA:46,31
DA:48,31
DA:49,31
DA:50,31
DA:51,31
DA:53,31
DA:54,31
DA:55,31
DA:56,31
DA:57,31
DA:58,31
DA:61,31
DA:62,11
DA:63,11
DA:69,31
DA:70,1
DA:71,1
DA:72,1
DA:73,1
DA:74,1
DA:75,1
DA:76,1
DA:78,1
DA:79,1
DA:80,1
DA:88,31
DA:89,31
DA:90,0
DA:92,31
DA:93,31
DA:99,31
DA:100,7
DA:101,2
DA:102,2
DA:109,31
DA:110,4
DA:111,4
DA:112,4
DA:113,4
DA:114,4
DA:115,4
DA:116,4
DA:123,31
DA:124,3
DA:125,3
DA:126,3
DA:127,3
DA:128,3
DA:136,31
DA:137,14
DA:138,14
DA:140,14
DA:147,14
DA:148,1
DA:149,1
DA:153,13
DA:154,1
DA:155,1
DA:158,12
DA:170,31
DA:172,11
DA:173,1
DA:174,1
DA:178,10
DA:179,10
DA:180,10
DA:181,10
DA:182,10
DA:183,10
DA:184,10
DA:187,10
DA:188,18
DA:190,18
DA:191,1
DA:192,1
DA:193,1
DA:197,17
DA:198,17
DA:202,17
DA:203,17
DA:206,4
DA:208,14
DA:210,12
DA:211,0
DA:215,12
DA:220,12
DA:221,8
DA:227,10
DA:231,31
DA:232,11
DA:233,11
DA:234,3
DA:235,3
DA:237,11
DA:241,31
LF:102
LH:100
BRDA:78,0,0,1
BRDA:89,1,0,0
BRDA:100,2,0,2
BRDA:147,3,0,1
BRDA:153,4,0,1
BRDA:172,5,0,1
BRDA:190,6,0,1
BRDA:197,7,0,17
BRDA:210,8,0,0
BRDA:233,9,0,3
BRF:10
BRH:8
end_of_record
TN:
SF:src\modules\auth\pages\LoadingPage.tsx
FN:43,(anonymous_9)
FN:62,(anonymous_10)
FN:71,(anonymous_11)
FN:99,(anonymous_12)
FN:109,(anonymous_13)
FNF:5
FNH:4
FNDA:14,(anonymous_9)
FNDA:1,(anonymous_10)
FNDA:13,(anonymous_11)
FNDA:0,(anonymous_12)
FNDA:13,(anonymous_13)
DA:10,6
DA:11,6
DA:12,6
DA:13,6
DA:14,6
DA:15,6
DA:16,6
DA:17,6
DA:18,6
DA:43,6
DA:44,14
DA:45,14
DA:50,14
DA:51,14
DA:54,14
DA:55,14
DA:56,14
DA:62,14
DA:63,1
DA:64,1
DA:65,1
DA:66,1
DA:67,1
DA:71,14
DA:73,13
DA:74,1
DA:75,1
DA:76,1
DA:77,1
DA:78,1
DA:79,1
DA:83,12
DA:84,2
DA:88,10
DA:89,7
DA:93,3
DA:94,3
DA:95,3
DA:96,3
DA:97,3
DA:99,3
DA:102,0
DA:109,14
DA:111,13
DA:112,6
DA:116,7
DA:118,7
DA:121,7
DA:122,2
DA:123,5
DA:124,1
DA:125,4
DA:130,3
DA:133,1
DA:138,14
DA:139,2
DA:160,12
LF:57
LH:56
BRDA:73,0,0,1
BRDA:83,1,0,2
BRDA:83,2,0,12
BRDA:83,2,1,10
BRDA:88,3,0,7
BRDA:94,4,0,3
BRDA:94,5,0,3
BRDA:94,5,1,0
BRDA:111,6,0,6
BRDA:111,7,0,13
BRDA:111,7,1,7
BRDA:121,8,0,2
BRDA:121,8,1,5
BRDA:123,9,0,1
BRDA:123,9,1,4
BRDA:125,10,0,3
BRDA:125,10,1,1
BRDA:126,11,0,4
BRDA:126,11,1,3
BRDA:126,11,2,2
BRDA:138,12,0,2
BRF:21
BRH:20
end_of_record
TN:
SF:src\modules\auth\pages\LoginPage.tsx
FN:28,(anonymous_10)
FN:35,(anonymous_11)
FN:47,(anonymous_12)
FNF:3
FNH:3
FNDA:17,(anonymous_10)
FNDA:8,(anonymous_11)
FNDA:5,(anonymous_12)
DA:8,6
DA:9,6
DA:10,6
DA:11,6
DA:12,6
DA:13,6
DA:14,6
DA:15,6
DA:16,6
DA:17,6
DA:28,6
DA:29,17
DA:30,17
DA:32,17
DA:33,17
DA:35,17
DA:37,8
DA:39,1
DA:40,1
DA:47,17
DA:48,5
DA:49,5
DA:51,5
DA:53,5
DA:56,2
DA:58,2
DA:60,2
DA:61,1
DA:63,1
DA:68,4
DA:72,17
DA:73,1
DA:81,16
LF:33
LH:33
BRDA:37,0,0,7
BRDA:37,1,0,8
BRDA:37,1,1,7
BRDA:60,2,0,1
BRDA:60,2,1,1
BRDA:72,3,0,1
BRDA:99,4,0,16
BRDA:99,4,1,2
BRF:8
BRH:8
end_of_record
TN:
SF:src\modules\auth\pages\constants\loadingPageConstants.ts
FNF:0
FNH:0
DA:15,8
DA:23,8
DA:34,8
LF:3
LH:3
BRF:0
BRH:0
end_of_record
TN:
SF:src\modules\auth\services\UserInfoService.ts
FN:29,(anonymous_0)
FN:50,(anonymous_1)
FN:68,(anonymous_2)
FN:88,(anonymous_3)
FNF:4
FNH:4
FNDA:2,(anonymous_0)
FNDA:7,(anonymous_1)
FNDA:2,(anonymous_2)
FNDA:3,(anonymous_3)
DA:8,9
DA:16,9
DA:17,9
DA:30,2
DA:31,2
DA:33,1
DA:51,7
DA:52,7
DA:53,6
DA:55,3
DA:56,3
DA:69,2
DA:70,2
DA:72,1
DA:89,3
LF:15
LH:15
BRDA:53,0,0,4
BRDA:53,0,1,2
BRF:2
BRH:2
end_of_record
TN:
SF:src\modules\auth\stores\user-info-store\useUserInfoStore.ts
FN:24,(anonymous_0)
FN:27,(anonymous_1)
FN:34,(anonymous_2)
FN:49,(anonymous_3)
FN:54,(anonymous_4)
FNF:5
FNH:5
FNDA:8,(anonymous_0)
FNDA:4,(anonymous_1)
FNDA:4,(anonymous_2)
FNDA:9,(anonymous_3)
FNDA:1,(anonymous_4)
DA:8,8
DA:9,8
DA:10,8
DA:11,8
DA:13,8
DA:24,8
DA:28,4
DA:29,4
DA:30,2
DA:35,4
DA:36,4
DA:37,4
DA:38,3
DA:39,3
DA:41,1
DA:42,1
DA:43,1
DA:45,4
DA:50,9
DA:51,9
DA:55,1
DA:56,1
LF:22
LH:22
BRDA:29,0,0,2
BRF:1
BRH:1
end_of_record
TN:
SF:src\modules\auth\stores\user-info-store\constants\userInfoConstants.ts
FNF:0
FNH:0
DA:10,9
LF:1
LH:1
BRF:0
BRH:0
end_of_record
TN:
SF:src\modules\auth\stores\user-info-store\hooks\useUserInfo.ts
FN:52,useUserInfo
FN:56,(anonymous_1)
FN:67,(anonymous_2)
FN:68,(anonymous_3)
FN:72,(anonymous_4)
FNF:5
FNH:5
FNDA:10,useUserInfo
FNDA:6,(anonymous_1)
FNDA:10,(anonymous_2)
FNDA:10,(anonymous_3)
FNDA:7,(anonymous_4)
DA:9,6
DA:10,6
DA:52,6
DA:53,10
DA:56,10
DA:57,6
DA:58,6
DA:59,6
DA:60,6
DA:67,10
DA:68,10
DA:71,10
DA:72,7
LF:13
LH:13
BRDA:57,0,0,6
BRF:1
BRH:1
end_of_record
TN:
SF:src\modules\camera-failures\routes.tsx
FN:20,cameraFailuresRoutes
FNF:1
FNH:0
FNDA:0,cameraFailuresRoutes
DA:7,0
DA:9,0
DA:10,0
DA:20,0
DA:21,0
LF:5
LH:0
BRF:0
BRH:0
end_of_record
TN:
SF:src\modules\camera-failures\api\cameraFailuresClient.ts
FN:26,getCameraFailures
FN:73,getCameraFailureById
FNF:2
FNH:0
FNDA:0,getCameraFailures
FNDA:0,getCameraFailureById
DA:7,0
DA:8,0
DA:14,0
DA:26,0
DA:29,0
DA:30,0
DA:32,0
DA:33,0
DA:35,0
DA:36,0
DA:38,0
DA:39,0
DA:41,0
DA:42,0
DA:44,0
DA:45,0
DA:47,0
DA:48,0
DA:50,0
DA:51,0
DA:54,0
DA:55,0
DA:56,0
DA:58,0
DA:59,0
DA:61,0
DA:62,0
DA:73,0
DA:74,0
DA:75,0
DA:76,0
DA:78,0
DA:79,0
LF:33
LH:0
BRDA:32,0,0,0
BRDA:35,1,0,0
BRDA:38,2,0,0
BRDA:41,3,0,0
BRDA:44,4,0,0
BRDA:47,5,0,0
BRDA:50,6,0,0
BRDA:56,7,0,0
BRDA:56,7,1,0
BRDA:62,8,0,0
BRDA:62,8,1,0
BRDA:79,9,0,0
BRDA:79,9,1,0
BRF:13
BRH:0
end_of_record
TN:
SF:src\modules\camera-failures\enums\cameraFailureStage.ts
FN:10,(anonymous_0)
FNF:1
FNH:0
FNDA:0,(anonymous_0)
DA:10,0
DA:11,0
DA:12,0
DA:13,0
DA:14,0
DA:15,0
DA:16,0
LF:7
LH:0
BRDA:10,0,0,0
BRDA:10,0,1,0
BRF:2
BRH:0
end_of_record
TN:
SF:src\modules\camera-failures\errors\cameraFailureErrors.ts
FN:13,(anonymous_0)
FN:23,(anonymous_1)
FN:33,(anonymous_2)
FNF:3
FNH:0
FNDA:0,(anonymous_0)
FNDA:0,(anonymous_1)
FNDA:0,(anonymous_2)
DA:7,0
DA:12,0
DA:14,0
DA:15,0
DA:22,0
DA:24,0
DA:25,0
DA:32,0
DA:34,0
DA:35,0
LF:10
LH:0
BRF:0
BRH:0
end_of_record
TN:
SF:src\modules\camera-failures\pages\CameraFailuresPage.tsx
FN:29,(anonymous_10)
FN:47,(anonymous_11)
FN:61,(anonymous_12)
FN:67,(anonymous_13)
FN:73,(anonymous_14)
FN:82,(anonymous_15)
FN:86,(anonymous_16)
FN:98,(anonymous_17)
FNF:8
FNH:0
FNDA:0,(anonymous_10)
FNDA:0,(anonymous_11)
FNDA:0,(anonymous_12)
FNDA:0,(anonymous_13)
FNDA:0,(anonymous_14)
FNDA:0,(anonymous_15)
FNDA:0,(anonymous_16)
FNDA:0,(anonymous_17)
DA:7,0
DA:8,0
DA:9,0
DA:10,0
DA:11,0
DA:12,0
DA:13,0
DA:14,0
DA:15,0
DA:16,0
DA:17,0
DA:18,0
DA:29,0
DA:30,0
DA:31,0
DA:33,0
DA:34,0
DA:35,0
DA:36,0
DA:37,0
DA:40,0
DA:47,0
DA:48,0
DA:49,0
DA:51,0
DA:52,0
DA:54,0
DA:55,0
DA:57,0
DA:61,0
DA:62,0
DA:63,0
DA:67,0
DA:68,0
DA:69,0
DA:73,0
DA:74,0
DA:75,0
DA:79,0
DA:82,0
DA:85,0
DA:86,0
DA:90,0
DA:99,0
DA:100,0
LF:45
LH:0
BRDA:62,0,0,0
BRDA:125,1,0,0
BRDA:125,1,1,0
BRF:3
BRH:0
end_of_record
TN:
SF:src\modules\camera-failures\pages\components\AttemptItem.tsx
FN:16,(anonymous_1)
FNF:1
FNH:0
FNDA:0,(anonymous_1)
DA:7,0
DA:8,0
DA:16,0
DA:17,0
LF:4
LH:0
BRDA:21,0,0,0
BRDA:21,0,1,0
BRDA:24,1,0,0
BRDA:24,1,1,0
BRDA:27,2,0,0
BRDA:27,2,1,0
BRDA:30,3,0,0
BRDA:30,3,1,0
BRDA:33,4,0,0
BRDA:33,4,1,0
BRDA:36,5,0,0
BRDA:36,5,1,0
BRF:12
BRH:0
end_of_record
TN:
SF:src\modules\camera-failures\pages\components\AttemptsSection.tsx
FN:16,(anonymous_1)
FN:27,(anonymous_2)
FNF:2
FNH:0
FNDA:0,(anonymous_1)
FNDA:0,(anonymous_2)
DA:7,0
DA:8,0
DA:16,0
DA:17,0
DA:18,0
DA:21,0
DA:28,0
DA:29,0
LF:8
LH:0
BRDA:17,0,0,0
BRDA:17,1,0,0
BRDA:17,1,1,0
BRDA:17,1,2,0
BRDA:28,2,0,0
BRDA:28,2,1,0
BRDA:28,2,2,0
BRDA:28,2,3,0
BRF:8
BRH:0
end_of_record
TN:
SF:src\modules\camera-failures\pages\components\DeviceItem.tsx
FN:16,(anonymous_1)
FNF:1
FNH:0
FNDA:0,(anonymous_1)
DA:7,0
DA:8,0
DA:16,0
DA:17,0
LF:4
LH:0
BRDA:21,0,0,0
BRDA:21,0,1,0
BRDA:24,1,0,0
BRDA:24,1,1,0
BRDA:27,2,0,0
BRDA:27,2,1,0
BRDA:30,3,0,0
BRDA:30,3,1,0
BRDA:33,4,0,0
BRDA:33,4,1,0
BRDA:36,5,0,0
BRDA:36,5,1,0
BRF:12
BRH:0
end_of_record
TN:
SF:src\modules\camera-failures\pages\components\DevicesSection.tsx
FN:16,(anonymous_1)
FN:27,(anonymous_2)
FNF:2
FNH:0
FNDA:0,(anonymous_1)
FNDA:0,(anonymous_2)
DA:7,0
DA:8,0
DA:16,0
DA:17,0
DA:18,0
DA:21,0
DA:28,0
DA:29,0
LF:8
LH:0
BRDA:17,0,0,0
BRDA:17,1,0,0
BRDA:17,1,1,0
BRDA:17,1,2,0
BRDA:28,2,0,0
BRDA:28,2,1,0
BRDA:28,2,2,0
BRDA:28,2,3,0
BRF:8
BRH:0
end_of_record
TN:
SF:src\modules\camera-failures\pages\components\FailureDetailsContent.tsx
FN:20,(anonymous_1)
FNF:1
FNH:0
FNDA:0,(anonymous_1)
DA:7,0
DA:8,0
DA:9,0
DA:10,0
DA:11,0
DA:12,0
DA:20,0
DA:21,0
LF:8
LH:0
BRDA:32,0,0,0
BRDA:32,0,1,0
BRDA:49,1,0,0
BRDA:49,1,1,0
BRDA:53,2,0,0
BRDA:53,2,1,0
BRDA:59,3,0,0
BRDA:59,3,1,0
BRDA:70,4,0,0
BRDA:70,4,1,0
BRDA:75,5,0,0
BRDA:75,5,1,0
BRDA:78,6,0,0
BRDA:78,6,1,0
BRF:14
BRH:0
end_of_record
TN:
SF:src\modules\camera-failures\pages\components\MetadataSection.tsx
FN:15,(anonymous_1)
FNF:1
FNH:0
FNDA:0,(anonymous_1)
DA:7,0
DA:15,0
DA:16,0
DA:17,0
DA:20,0
LF:5
LH:0
BRDA:16,0,0,0
BRDA:16,1,0,0
BRDA:16,1,1,0
BRDA:16,1,2,0
BRF:4
BRH:0
end_of_record
TN:
SF:src\modules\camera-failures\pages\config\cameraFailurePageConfig.tsx
FN:20,createCameraFailureColumns
FN:29,(anonymous_2)
FN:39,(anonymous_3)
FN:50,(anonymous_4)
FN:56,(anonymous_5)
FN:68,(anonymous_6)
FN:74,(anonymous_7)
FN:80,(anonymous_8)
FN:92,(anonymous_9)
FNF:9
FNH:0
FNDA:0,createCameraFailureColumns
FNDA:0,(anonymous_2)
FNDA:0,(anonymous_3)
FNDA:0,(anonymous_4)
FNDA:0,(anonymous_5)
FNDA:0,(anonymous_6)
FNDA:0,(anonymous_7)
FNDA:0,(anonymous_8)
FNDA:0,(anonymous_9)
DA:7,0
DA:9,0
DA:10,0
DA:20,0
DA:23,0
DA:25,0
DA:30,0
DA:39,0
DA:50,0
DA:57,0
DA:68,0
DA:74,0
DA:82,0
DA:86,0
DA:87,0
DA:90,0
DA:92,0
LF:17
LH:0
BRDA:39,0,0,0
BRDA:39,0,1,0
BRDA:50,1,0,0
BRDA:50,1,1,0
BRDA:59,2,0,0
BRDA:59,2,1,0
BRDA:61,3,0,0
BRDA:61,3,1,0
BRDA:68,4,0,0
BRDA:68,4,1,0
BRDA:82,5,0,0
BRDA:82,5,1,0
BRDA:82,5,2,0
BRDA:82,5,3,0
BRDA:82,5,4,0
BRDA:82,5,5,0
BRDA:82,5,6,0
BRDA:82,5,7,0
BRDA:82,5,8,0
BRDA:86,6,0,0
BRF:20
BRH:0
end_of_record
TN:
SF:src\modules\camera-failures\pages\constants\cameraFailurePageConstants.ts
FNF:0
FNH:0
DA:10,0
LF:1
LH:0
BRF:0
BRH:0
end_of_record
TN:
SF:src\modules\camera-failures\utils\cameraFailureUtils.ts
FN:16,getStageColorClass
FN:39,formatCameraFailureDate
FNF:2
FNH:0
FNDA:0,getStageColorClass
FNDA:0,formatCameraFailureDate
DA:7,0
DA:8,0
DA:16,0
DA:17,0
DA:19,0
DA:21,0
DA:23,0
DA:25,0
DA:27,0
DA:29,0
DA:39,0
DA:40,0
DA:41,0
LF:13
LH:0
BRDA:17,0,0,0
BRDA:17,0,1,0
BRDA:17,0,2,0
BRDA:17,0,3,0
BRDA:17,0,4,0
BRDA:17,0,5,0
BRDA:40,1,0,0
BRF:7
BRH:0
end_of_record
TN:
SF:src\modules\contact-manager-dashboard\routes.tsx
FN:17,contactManagerDashboardRoutes
FNF:1
FNH:0
FNDA:0,contactManagerDashboardRoutes
DA:8,0
DA:9,0
DA:10,0
DA:17,0
DA:18,0
LF:5
LH:0
BRF:0
BRH:0
end_of_record
TN:
SF:src\modules\contact-manager-dashboard\api\contactManagerDashboardClient.ts
FN:27,getMyContactManagerStatus
FN:55,updateMyContactManagerStatus
FNF:2
FNH:0
FNDA:0,getMyContactManagerStatus
FNDA:0,updateMyContactManagerStatus
DA:7,0
DA:8,0
DA:27,0
DA:28,0
DA:29,0
DA:32,0
DA:34,0
DA:55,0
DA:58,0
DA:59,0
DA:60,0
DA:64,0
DA:66,0
LF:13
LH:0
BRF:0
BRH:0
end_of_record
TN:
SF:src\modules\contact-manager-dashboard\constants\contactManagerDashboardConstants.ts
FNF:0
FNH:0
DA:7,0
DA:12,0
LF:2
LH:0
BRF:0
BRH:0
end_of_record
TN:
SF:src\modules\contact-manager-dashboard\errors\contactManagerDashboardErrors.ts
FN:13,(anonymous_0)
FN:22,(anonymous_1)
FN:31,(anonymous_2)
FNF:3
FNH:0
FNDA:0,(anonymous_0)
FNDA:0,(anonymous_1)
FNDA:0,(anonymous_2)
DA:7,0
DA:12,0
DA:14,0
DA:21,0
DA:23,0
DA:30,0
DA:32,0
LF:7
LH:0
BRDA:22,0,0,0
BRDA:31,1,0,0
BRF:2
BRH:0
end_of_record
TN:
SF:src\modules\contact-manager-dashboard\pages\ContactManagerDashboardPage.tsx
FN:30,(anonymous_10)
FN:47,(anonymous_11)
FN:64,(anonymous_12)
FN:75,(anonymous_13)
FN:105,(anonymous_14)
FNF:5
FNH:0
FNDA:0,(anonymous_10)
FNDA:0,(anonymous_11)
FNDA:0,(anonymous_12)
FNDA:0,(anonymous_13)
FNDA:0,(anonymous_14)
DA:7,0
DA:8,0
DA:9,0
DA:10,0
DA:11,0
DA:12,0
DA:13,0
DA:14,0
DA:15,0
DA:30,0
DA:31,0
DA:32,0
DA:33,0
DA:34,0
DA:35,0
DA:38,0
DA:47,0
DA:48,0
DA:49,0
DA:50,0
DA:51,0
DA:52,0
DA:54,0
DA:55,0
DA:57,0
DA:64,0
DA:65,0
DA:66,0
DA:74,0
DA:77,0
DA:78,0
DA:81,0
DA:84,0
DA:85,0
DA:88,0
DA:89,0
DA:90,0
DA:91,0
DA:92,0
DA:93,0
DA:95,0
DA:96,0
DA:98,0
DA:105,0
DA:111,0
DA:112,0
DA:119,0
LF:47
LH:0
BRDA:65,0,0,0
BRDA:77,1,0,0
BRDA:84,2,0,0
BRDA:111,3,0,0
BRDA:125,4,0,0
BRDA:125,4,1,0
BRDA:133,5,0,0
BRDA:133,5,1,0
BRDA:145,6,0,0
BRDA:145,6,1,0
BRF:10
BRH:0
end_of_record
TN:
SF:src\modules\error-logs\routes.tsx
FN:20,errorLogsRoutes
FNF:1
FNH:0
FNDA:0,errorLogsRoutes
DA:9,0
DA:10,0
DA:20,0
DA:21,0
LF:4
LH:0
BRF:0
BRH:0
end_of_record
TN:
SF:src\modules\error-logs\api\errorLogsClient.ts
FN:28,getErrorLogs
FN:69,getErrorLogById
FN:85,resolveErrorLog
FN:100,deleteErrorLogs
FN:119,deleteAllErrorLogs
FNF:5
FNH:0
FNDA:0,getErrorLogs
FNDA:0,getErrorLogById
FNDA:0,resolveErrorLog
FNDA:0,deleteErrorLogs
FNDA:0,deleteAllErrorLogs
DA:6,0
DA:7,0
DA:14,0
DA:28,0
DA:31,0
DA:32,0
DA:34,0
DA:35,0
DA:36,0
DA:37,0
DA:38,0
DA:40,0
DA:41,0
DA:43,0
DA:44,0
DA:46,0
DA:47,0
DA:49,0
DA:50,0
DA:51,0
DA:53,0
DA:54,0
DA:58,0
DA:59,0
DA:69,0
DA:70,0
DA:71,0
DA:72,0
DA:74,0
DA:75,0
DA:85,0
DA:86,0
DA:87,0
DA:89,0
DA:90,0
DA:100,0
DA:103,0
DA:104,0
DA:107,0
DA:109,0
DA:110,0
DA:119,0
DA:120,0
DA:121,0
DA:124,0
DA:126,0
DA:127,0
LF:47
LH:0
BRDA:34,0,0,0
BRDA:35,1,0,0
BRDA:36,2,0,0
BRDA:37,3,0,0
BRDA:40,4,0,0
BRDA:43,5,0,0
BRDA:46,6,0,0
BRDA:47,7,0,0
BRDA:51,8,0,0
BRDA:51,8,1,0
BRDA:59,9,0,0
BRDA:59,9,1,0
BRDA:75,10,0,0
BRDA:75,10,1,0
BRDA:90,11,0,0
BRDA:90,11,1,0
BRDA:110,12,0,0
BRDA:110,12,1,0
BRDA:127,13,0,0
BRDA:127,13,1,0
BRF:20
BRH:0
end_of_record
TN:
SF:src\modules\error-logs\api\migrationsClient.ts
FN:37,runMigrations
FNF:1
FNH:0
FNDA:0,runMigrations
DA:8,0
DA:9,0
DA:10,0
DA:11,0
DA:37,0
DA:38,0
DA:39,0
DA:43,0
DA:45,0
DA:47,0
DA:48,0
DA:51,0
DA:52,0
DA:55,0
LF:14
LH:0
BRDA:47,0,0,0
BRDA:51,1,0,0
BRF:2
BRH:0
end_of_record
TN:
SF:src\modules\error-logs\components\ErrorLogActions.tsx
FN:35,(anonymous_1)
FN:43,(anonymous_2)
FN:51,(anonymous_3)
FNF:3
FNH:0
FNDA:0,(anonymous_1)
FNDA:0,(anonymous_2)
FNDA:0,(anonymous_3)
DA:10,0
DA:35,0
DA:41,0
DA:43,0
DA:51,0
LF:5
LH:0
BRDA:49,0,0,0
BRDA:49,0,1,0
BRF:2
BRH:0
end_of_record
TN:
SF:src\modules\error-logs\components\ErrorLogToolbar.tsx
FN:36,(anonymous_1)
FNF:1
FNH:0
FNDA:0,(anonymous_1)
DA:10,0
DA:36,0
DA:42,0
LF:3
LH:0
BRF:0
BRH:0
end_of_record
TN:
SF:src\modules\error-logs\components\ResolvedBadge.tsx
FN:31,(anonymous_1)
FNF:1
FNH:0
FNDA:0,(anonymous_1)
DA:10,0
DA:31,0
DA:32,0
LF:3
LH:0
BRDA:32,0,0,0
BRDA:32,0,1,0
BRDA:33,1,0,0
BRDA:33,1,1,0
BRF:4
BRH:0
end_of_record
TN:
SF:src\modules\error-logs\components\SeverityBadge.tsx
FN:23,getSeverityClassName
FN:59,(anonymous_2)
FNF:2
FNH:0
FNDA:0,getSeverityClassName
FNDA:0,(anonymous_2)
DA:10,0
DA:11,0
DA:24,0
DA:26,0
DA:28,0
DA:30,0
DA:32,0
DA:34,0
DA:59,0
DA:60,0
LF:10
LH:0
BRDA:24,0,0,0
BRDA:24,0,1,0
BRDA:24,0,2,0
BRDA:24,0,3,0
BRDA:24,0,4,0
BRF:5
BRH:0
end_of_record
TN:
SF:src\modules\error-logs\components\ErrorLogDetailsModal\ErrorLogDetailsModal.tsx
FN:24,(anonymous_1)
FN:36,(anonymous_2)
FNF:2
FNH:0
FNDA:0,(anonymous_1)
FNDA:0,(anonymous_2)
DA:8,0
DA:10,0
DA:11,0
DA:12,0
DA:13,0
DA:24,0
DA:29,0
DA:30,0
DA:36,0
DA:37,0
DA:44,0
DA:53,0
LF:12
LH:0
BRDA:29,0,0,0
BRDA:29,1,0,0
BRDA:29,1,1,0
BRDA:79,2,0,0
BRDA:79,2,1,0
BRDA:84,3,0,0
BRDA:84,3,1,0
BRDA:85,4,0,0
BRDA:85,4,1,0
BRDA:109,5,0,0
BRDA:109,5,1,0
BRDA:109,5,2,0
BRDA:109,5,3,0
BRDA:113,6,0,0
BRDA:113,6,1,0
BRDA:120,7,0,0
BRDA:120,7,1,0
BRDA:127,8,0,0
BRDA:127,8,1,0
BRDA:133,9,0,0
BRDA:133,9,1,0
BRDA:140,10,0,0
BRDA:140,10,1,0
BRDA:152,11,0,0
BRDA:152,11,1,0
BRDA:162,12,0,0
BRDA:162,12,1,0
BRDA:162,12,2,0
BRF:28
BRH:0
end_of_record
TN:
SF:src\modules\error-logs\enums\errorLogsEnums.ts
FN:12,(anonymous_0)
FN:32,(anonymous_1)
FNF:2
FNH:0
FNDA:0,(anonymous_0)
FNDA:0,(anonymous_1)
DA:12,0
DA:14,0
DA:17,0
DA:20,0
DA:23,0
DA:32,0
DA:34,0
DA:37,0
DA:40,0
DA:43,0
DA:46,0
DA:49,0
DA:52,0
LF:13
LH:0
BRDA:12,0,0,0
BRDA:12,0,1,0
BRDA:32,1,0,0
BRDA:32,1,1,0
BRF:4
BRH:0
end_of_record
TN:
SF:src\modules\error-logs\errors\errorLogsErrors.ts
FN:15,(anonymous_0)
FN:24,(anonymous_1)
FN:33,(anonymous_2)
FN:42,(anonymous_3)
FN:51,(anonymous_4)
FN:64,(anonymous_5)
FN:73,(anonymous_6)
FNF:7
FNH:0
FNDA:0,(anonymous_0)
FNDA:0,(anonymous_1)
FNDA:0,(anonymous_2)
FNDA:0,(anonymous_3)
FNDA:0,(anonymous_4)
FNDA:0,(anonymous_5)
FNDA:0,(anonymous_6)
DA:6,0
DA:14,0
DA:16,0
DA:23,0
DA:25,0
DA:32,0
DA:34,0
DA:41,0
DA:43,0
DA:50,0
DA:52,0
DA:53,0
DA:56,0
DA:63,0
DA:65,0
DA:72,0
DA:74,0
LF:17
LH:0
BRDA:24,0,0,0
BRDA:52,1,0,0
BRDA:52,1,1,0
BRDA:53,2,0,0
BRDA:53,2,1,0
BRDA:73,3,0,0
BRF:6
BRH:0
end_of_record
TN:
SF:src\modules\error-logs\pages\ErrorLogsPage.tsx
FN:40,(anonymous_10)
FN:63,(anonymous_11)
FN:65,(anonymous_12)
FN:77,(anonymous_13)
FN:104,(anonymous_14)
FN:134,(anonymous_15)
FN:141,(anonymous_16)
FN:167,(anonymous_17)
FN:187,(anonymous_18)
FN:209,(anonymous_19)
FN:216,(anonymous_20)
FN:247,(anonymous_21)
FN:255,(anonymous_22)
FN:270,(anonymous_23)
FN:302,(anonymous_24)
FN:312,(anonymous_25)
FN:323,(anonymous_26)
FNF:17
FNH:0
FNDA:0,(anonymous_10)
FNDA:0,(anonymous_11)
FNDA:0,(anonymous_12)
FNDA:0,(anonymous_13)
FNDA:0,(anonymous_14)
FNDA:0,(anonymous_15)
FNDA:0,(anonymous_16)
FNDA:0,(anonymous_17)
FNDA:0,(anonymous_18)
FNDA:0,(anonymous_19)
FNDA:0,(anonymous_20)
FNDA:0,(anonymous_21)
FNDA:0,(anonymous_22)
FNDA:0,(anonymous_23)
FNDA:0,(anonymous_24)
FNDA:0,(anonymous_25)
FNDA:0,(anonymous_26)
DA:6,0
DA:7,0
DA:8,0
DA:9,0
DA:16,0
DA:18,0
DA:26,0
DA:30,0
DA:31,0
DA:32,0
DA:33,0
DA:34,0
DA:40,0
DA:41,0
DA:43,0
DA:44,0
DA:45,0
DA:46,0
DA:47,0
DA:48,0
DA:49,0
DA:50,0
DA:51,0
DA:53,0
DA:63,0
DA:65,0
DA:67,0
DA:77,0
DA:81,0
DA:82,0
DA:83,0
DA:84,0
DA:90,0
DA:91,0
DA:92,0
DA:93,0
DA:95,0
DA:97,0
DA:104,0
DA:105,0
DA:106,0
DA:107,0
DA:110,0
DA:111,0
DA:114,0
DA:115,0
DA:116,0
DA:117,0
DA:119,0
DA:121,0
DA:122,0
DA:123,0
DA:124,0
DA:126,0
DA:134,0
DA:135,0
DA:141,0
DA:142,0
DA:143,0
DA:145,0
DA:146,0
DA:147,0
DA:148,0
DA:150,0
DA:152,0
DA:153,0
DA:154,0
DA:155,0
DA:157,0
DA:160,0
DA:167,0
DA:168,0
DA:169,0
DA:170,0
DA:172,0
DA:174,0
DA:175,0
DA:176,0
DA:177,0
DA:179,0
DA:187,0
DA:188,0
DA:189,0
DA:190,0
DA:191,0
DA:193,0
DA:194,0
DA:195,0
DA:196,0
DA:198,0
DA:209,0
DA:210,0
DA:216,0
DA:217,0
DA:218,0
DA:220,0
DA:221,0
DA:222,0
DA:223,0
DA:225,0
DA:226,0
DA:229,0
DA:230,0
DA:231,0
DA:232,0
DA:234,0
DA:237,0
DA:246,0
DA:247,0
DA:254,0
DA:256,0
DA:267,0
DA:270,0
DA:273,0
DA:303,0
DA:304,0
DA:312,0
DA:323,0
LF:118
LH:0
BRDA:83,0,0,0
BRDA:83,0,1,0
BRDA:86,1,0,0
BRDA:86,1,1,0
BRDA:90,2,0,0
BRDA:90,2,1,0
BRDA:92,3,0,0
BRDA:92,3,1,0
BRDA:105,4,0,0
BRDA:110,5,0,0
BRDA:121,6,0,0
BRDA:121,6,1,0
BRDA:123,7,0,0
BRDA:123,7,1,0
BRDA:152,8,0,0
BRDA:152,8,1,0
BRDA:154,9,0,0
BRDA:154,9,1,0
BRDA:174,10,0,0
BRDA:174,10,1,0
BRDA:176,11,0,0
BRDA:176,11,1,0
BRDA:193,12,0,0
BRDA:193,12,1,0
BRDA:195,13,0,0
BRDA:195,13,1,0
BRDA:222,14,0,0
BRDA:222,14,1,0
BRDA:223,15,0,0
BRDA:223,15,1,0
BRDA:225,16,0,0
BRDA:225,16,1,0
BRDA:225,16,2,0
BRDA:229,17,0,0
BRDA:229,17,1,0
BRDA:231,18,0,0
BRDA:231,18,1,0
BRDA:276,19,0,0
BRDA:276,19,1,0
BRDA:290,20,0,0
BRDA:290,20,1,0
BRF:41
BRH:0
end_of_record
TN:
SF:src\modules\error-logs\pages\constants\errorLogsPageConstants.tsx
FN:30,createErrorLogsColumns
FN:38,(anonymous_2)
FN:52,(anonymous_3)
FN:70,(anonymous_4)
FN:75,(anonymous_5)
FN:80,(anonymous_6)
FN:85,(anonymous_7)
FN:90,(anonymous_8)
FN:95,(anonymous_9)
FNF:9
FNH:0
FNDA:0,createErrorLogsColumns
FNDA:0,(anonymous_2)
FNDA:0,(anonymous_3)
FNDA:0,(anonymous_4)
FNDA:0,(anonymous_5)
FNDA:0,(anonymous_6)
FNDA:0,(anonymous_7)
FNDA:0,(anonymous_8)
FNDA:0,(anonymous_9)
DA:7,0
DA:10,0
DA:11,0
DA:30,0
DA:34,0
DA:38,0
DA:53,0
DA:70,0
DA:75,0
DA:80,0
DA:85,0
DA:90,0
DA:96,0
LF:13
LH:0
BRDA:70,0,0,0
BRDA:70,0,1,0
BRDA:75,1,0,0
BRDA:75,1,1,0
BRDA:80,2,0,0
BRDA:80,2,1,0
BRF:6
BRH:0
end_of_record
TN:
SF:src\modules\error-logs\utils\errorLogUtils.ts
FN:26,formatErrorLogForClipboard
FN:56,copyErrorLogToClipboard
FNF:2
FNH:0
FNDA:0,formatErrorLogForClipboard
FNDA:0,copyErrorLogToClipboard
DA:9,0
DA:26,0
DA:27,0
DA:56,0
DA:57,0
DA:58,0
DA:59,0
LF:7
LH:0
BRDA:32,0,0,0
BRDA:32,0,1,0
BRDA:33,1,0,0
BRDA:33,1,1,0
BRDA:34,2,0,0
BRDA:34,2,1,0
BRDA:35,3,0,0
BRDA:35,3,1,0
BRDA:36,4,0,0
BRDA:36,4,1,0
BRDA:38,5,0,0
BRDA:38,5,1,0
BRF:12
BRH:0
end_of_record
TN:
SF:src\modules\presence\api\presenceApi.ts
FN:27,fetchPresence
FNF:1
FNH:0
FNDA:0,fetchPresence
DA:5,2
DA:6,2
DA:7,2
DA:12,2
DA:27,2
DA:33,0
DA:35,0
DA:36,0
DA:37,0
DA:39,0
DA:41,0
DA:42,0
DA:45,0
LF:13
LH:5
BRDA:31,0,0,0
BRDA:32,1,0,0
BRDA:33,2,0,0
BRDA:33,2,1,0
BRDA:41,3,0,0
BRF:5
BRH:0
end_of_record
TN:
SF:src\modules\presence\api\presenceClient.ts
FN:38,(anonymous_1)
FN:70,(anonymous_2)
FNF:2
FNH:0
FNDA:0,(anonymous_1)
FNDA:0,(anonymous_2)
DA:7,2
DA:8,2
DA:9,2
DA:10,2
DA:19,2
DA:39,0
DA:40,0
DA:42,0
DA:44,0
DA:45,0
DA:48,0
DA:71,0
DA:72,0
DA:74,0
DA:76,0
DA:77,0
DA:80,0
LF:17
LH:5
BRDA:44,0,0,0
BRDA:76,1,0,0
BRF:2
BRH:0
end_of_record
TN:
SF:src\modules\presence\api\utils\presenceApiUtils.ts
FN:25,fetchPresencePage
FN:45,filterOnlineItems
FN:46,(anonymous_3)
FN:58,transformToUserStatus
FN:81,separateUsersByStatus
FN:103,collectAllPresenceItems
FNF:6
FNH:0
FNDA:0,fetchPresencePage
FNDA:0,filterOnlineItems
FNDA:0,(anonymous_3)
FNDA:0,transformToUserStatus
FNDA:0,separateUsersByStatus
FNDA:0,collectAllPresenceItems
DA:5,2
DA:6,2
DA:8,2
DA:15,2
DA:25,2
DA:26,0
DA:36,0
DA:45,2
DA:46,0
DA:47,0
DA:48,0
DA:58,2
DA:59,0
DA:60,0
DA:62,0
DA:81,2
DA:85,0
DA:86,0
DA:88,0
DA:89,0
DA:90,0
DA:93,0
DA:103,2
DA:107,0
DA:108,0
DA:109,0
DA:110,0
DA:112,0
DA:113,0
DA:115,0
DA:117,0
DA:118,0
DA:120,0
DA:121,0
DA:122,0
DA:125,0
DA:126,0
DA:129,0
DA:132,0
LF:39
LH:9
BRDA:48,0,0,0
BRDA:48,0,1,0
BRDA:60,1,0,0
BRDA:60,1,1,0
BRDA:65,2,0,0
BRDA:65,2,1,0
BRDA:70,3,0,0
BRDA:70,3,1,0
BRDA:71,4,0,0
BRDA:71,4,1,0
BRDA:90,5,0,0
BRDA:90,5,1,0
BRDA:112,6,0,0
BRDA:112,6,1,0
BRDA:113,7,0,0
BRDA:113,8,0,0
BRDA:115,9,0,0
BRDA:115,9,1,0
BRDA:120,10,0,0
BRDA:120,11,0,0
BRDA:120,11,1,0
BRDA:125,12,0,0
BRF:22
BRH:0
end_of_record
TN:
SF:src\modules\presence\constants\presenceConstants.ts
FNF:0
FNH:0
DA:13,2
DA:31,2
LF:2
LH:2
BRF:0
BRH:0
end_of_record
TN:
SF:src\modules\presence\enums\managerStatusEnums.ts
FN:17,(anonymous_0)
FNF:1
FNH:1
FNDA:2,(anonymous_0)
DA:17,2
DA:21,2
DA:26,2
DA:31,2
DA:36,2
LF:5
LH:5
BRDA:17,0,0,2
BRDA:17,0,1,2
BRF:2
BRH:2
end_of_record
TN:
SF:src\modules\presence\enums\presenceEnums.ts
FN:13,(anonymous_0)
FNF:1
FNH:1
FNDA:2,(anonymous_0)
DA:13,2
DA:17,2
DA:22,2
LF:3
LH:3
BRDA:13,0,0,2
BRDA:13,0,1,2
BRF:2
BRH:2
end_of_record
TN:
SF:src\modules\presence\errors\presenceErrors.ts
FN:16,(anonymous_0)
FN:25,(anonymous_1)
FN:34,(anonymous_2)
FN:43,(anonymous_3)
FNF:4
FNH:0
FNDA:0,(anonymous_0)
FNDA:0,(anonymous_1)
FNDA:0,(anonymous_2)
FNDA:0,(anonymous_3)
DA:7,2
DA:15,2
DA:17,0
DA:24,2
DA:26,0
DA:33,2
DA:35,0
DA:42,2
DA:44,0
LF:9
LH:5
BRDA:25,0,0,0
BRDA:34,1,0,0
BRDA:43,2,0,0
BRF:3
BRH:0
end_of_record
TN:
SF:src\modules\presence\hooks\useContactManagerStatus.ts
FN:23,isStatusUpdate
FN:49,useContactManagerStatus
FN:69,(anonymous_2)
FN:71,(anonymous_3)
FN:83,(anonymous_4)
FN:106,(anonymous_5)
FN:108,(anonymous_6)
FN:110,(anonymous_7)
FN:111,(anonymous_8)
FN:129,(anonymous_9)
FN:136,(anonymous_10)
FN:143,(anonymous_11)
FN:153,(anonymous_12)
FN:159,(anonymous_13)
FN:184,(anonymous_14)
FN:196,(anonymous_15)
FNF:16
FNH:0
FNDA:0,isStatusUpdate
FNDA:0,useContactManagerStatus
FNDA:0,(anonymous_2)
FNDA:0,(anonymous_3)
FNDA:0,(anonymous_4)
FNDA:0,(anonymous_5)
FNDA:0,(anonymous_6)
FNDA:0,(anonymous_7)
FNDA:0,(anonymous_8)
FNDA:0,(anonymous_9)
FNDA:0,(anonymous_10)
FNDA:0,(anonymous_11)
FNDA:0,(anonymous_12)
FNDA:0,(anonymous_13)
FNDA:0,(anonymous_14)
FNDA:0,(anonymous_15)
DA:8,0
DA:9,0
DA:10,0
DA:11,0
DA:12,0
DA:24,0
DA:25,0
DA:49,0
DA:52,0
DA:53,0
DA:54,0
DA:57,0
DA:59,0
DA:61,0
DA:69,0
DA:70,0
DA:71,0
DA:72,0
DA:73,0
DA:83,0
DA:84,0
DA:85,0
DA:86,0
DA:87,0
DA:88,0
DA:90,0
DA:91,0
DA:92,0
DA:93,0
DA:95,0
DA:106,0
DA:107,0
DA:108,0
DA:110,0
DA:111,0
DA:112,0
DA:114,0
DA:115,0
DA:117,0
DA:118,0
DA:123,0
DA:124,0
DA:126,0
DA:129,0
DA:130,0
DA:131,0
DA:134,0
DA:136,0
DA:137,0
DA:139,0
DA:140,0
DA:143,0
DA:144,0
DA:145,0
DA:146,0
DA:148,0
DA:153,0
DA:154,0
DA:155,0
DA:159,0
DA:160,0
DA:163,0
DA:164,0
DA:166,0
DA:168,0
DA:169,0
DA:170,0
DA:172,0
DA:173,0
DA:179,0
DA:180,0
DA:184,0
DA:185,0
DA:186,0
DA:187,0
DA:190,0
DA:191,0
DA:192,0
DA:196,0
DA:197,0
DA:198,0
DA:199,0
DA:200,0
DA:206,0
LF:84
LH:0
BRDA:26,0,0,0
BRDA:26,0,1,0
BRDA:26,0,2,0
BRDA:26,0,3,0
BRDA:69,1,0,0
BRDA:70,2,0,0
BRDA:90,3,0,0
BRDA:90,3,1,0
BRDA:91,4,0,0
BRDA:91,4,1,0
BRDA:110,5,0,0
BRDA:110,5,1,0
BRDA:112,6,0,0
BRDA:115,7,0,0
BRDA:121,8,0,0
BRDA:121,8,1,0
BRDA:130,9,0,0
BRDA:144,10,0,0
BRDA:154,11,0,0
BRDA:160,12,0,0
BRDA:164,13,0,0
BRDA:164,14,0,0
BRDA:164,14,1,0
BRDA:166,15,0,0
BRDA:168,16,0,0
BRDA:168,16,1,0
BRDA:169,17,0,0
BRDA:172,18,0,0
BRDA:180,19,0,0
BRDA:190,20,0,0
BRDA:190,20,1,0
BRDA:198,21,0,0
BRF:32
BRH:0
end_of_record
TN:
SF:src\modules\presence\stores\presence-store\usePresenceStore.ts
FN:50,(anonymous_0)
FN:79,(anonymous_1)
FN:96,(anonymous_2)
FN:104,(anonymous_3)
FN:160,(anonymous_4)
FN:181,(anonymous_5)
FN:219,(anonymous_6)
FN:276,(anonymous_7)
FN:280,(anonymous_8)
FN:298,(anonymous_9)
FN:299,(anonymous_10)
FN:300,(anonymous_11)
FN:301,(anonymous_12)
FN:318,(anonymous_13)
FN:325,(anonymous_14)
FN:331,(anonymous_15)
FN:334,(anonymous_16)
FN:353,(anonymous_17)
FN:354,(anonymous_18)
FN:355,(anonymous_19)
FN:368,(anonymous_20)
FNF:21
FNH:1
FNDA:2,(anonymous_0)
FNDA:0,(anonymous_1)
FNDA:0,(anonymous_2)
FNDA:0,(anonymous_3)
FNDA:0,(anonymous_4)
FNDA:0,(anonymous_5)
FNDA:0,(anonymous_6)
FNDA:0,(anonymous_7)
FNDA:0,(anonymous_8)
FNDA:0,(anonymous_9)
FNDA:0,(anonymous_10)
FNDA:0,(anonymous_11)
FNDA:0,(anonymous_12)
FNDA:0,(anonymous_13)
FNDA:0,(anonymous_14)
FNDA:0,(anonymous_15)
FNDA:0,(anonymous_16)
FNDA:0,(anonymous_17)
FNDA:0,(anonymous_18)
FNDA:0,(anonymous_19)
FNDA:0,(anonymous_20)
DA:10,2
DA:11,2
DA:12,2
DA:13,2
DA:14,2
DA:15,2
DA:16,2
DA:17,2
DA:18,2
DA:19,2
DA:20,2
DA:27,2
DA:33,2
DA:38,2
DA:43,2
DA:48,2
DA:50,2
DA:51,2
DA:52,2
DA:53,2
DA:54,2
DA:56,2
DA:81,0
DA:82,0
DA:86,0
DA:89,0
DA:90,0
DA:93,0
DA:96,0
DA:97,0
DA:100,0
DA:101,0
DA:102,0
DA:103,0
DA:104,0
DA:105,0
DA:107,0
DA:108,0
DA:115,0
DA:120,0
DA:127,0
DA:128,0
DA:130,0
DA:137,0
DA:138,0
DA:140,0
DA:144,0
DA:146,0
DA:151,0
DA:160,0
DA:163,0
DA:167,0
DA:169,0
DA:174,0
DA:181,0
DA:184,0
DA:190,0
DA:200,0
DA:206,0
DA:210,0
DA:224,0
DA:225,0
DA:226,0
DA:229,0
DA:230,0
DA:231,0
DA:234,0
DA:235,0
DA:241,0
DA:242,0
DA:244,0
DA:247,0
DA:248,0
DA:250,0
DA:253,0
DA:255,0
DA:256,0
DA:259,0
DA:261,0
DA:279,0
DA:280,0
DA:281,0
DA:287,0
DA:299,0
DA:300,0
DA:301,0
DA:304,0
DA:310,0
DA:311,0
DA:315,0
DA:316,0
DA:318,0
DA:321,0
DA:325,0
DA:329,0
DA:331,0
DA:332,0
DA:334,0
DA:337,0
DA:340,0
DA:354,0
DA:355,0
DA:357,0
DA:358,0
DA:365,0
DA:368,0
DA:370,0
DA:371,0
DA:378,0
DA:381,0
LF:110
LH:22
BRDA:81,0,0,0
BRDA:81,1,0,0
BRDA:81,1,1,0
BRDA:96,2,0,0
BRDA:100,3,0,0
BRDA:103,4,0,0
BRDA:103,4,1,0
BRDA:107,5,0,0
BRDA:115,6,0,0
BRDA:115,7,0,0
BRDA:116,8,0,0
BRDA:116,8,1,0
BRDA:133,9,0,0
BRDA:133,9,1,0
BRDA:138,10,0,0
BRDA:138,10,1,0
BRDA:138,10,2,0
BRDA:140,11,0,0
BRDA:140,11,1,0
BRDA:140,11,2,0
BRDA:144,12,0,0
BRDA:144,13,0,0
BRDA:144,13,1,0
BRDA:144,13,2,0
BRDA:167,14,0,0
BRDA:167,15,0,0
BRDA:167,15,1,0
BRDA:224,16,0,0
BRDA:229,17,0,0
BRDA:255,18,0,0
BRDA:276,19,0,0
BRDA:279,20,0,0
BRDA:306,21,0,0
BRDA:306,21,1,0
BRDA:310,22,0,0
BRDA:310,23,0,0
BRDA:310,23,1,0
BRDA:310,23,2,0
BRDA:310,23,3,0
BRDA:315,24,0,0
BRDA:315,24,1,0
BRDA:316,25,0,0
BRDA:316,25,1,0
BRDA:318,26,0,0
BRDA:318,26,1,0
BRDA:329,27,0,0
BRDA:329,27,1,0
BRDA:332,28,0,0
BRDA:332,28,1,0
BRDA:334,29,0,0
BRDA:334,29,1,0
BRDA:357,30,0,0
BRDA:370,31,0,0
BRF:53
BRH:0
end_of_record
TN:
SF:src\modules\presence\stores\presence-store\hooks\usePresence.ts
FN:27,usePresence
FN:35,(anonymous_1)
FN:41,(anonymous_2)
FN:42,(anonymous_3)
FN:43,(anonymous_4)
FN:44,(anonymous_5)
FN:49,(anonymous_6)
FN:57,(anonymous_7)
FN:65,(anonymous_8)
FN:70,(anonymous_9)
FN:77,(anonymous_10)
FN:107,(anonymous_11)
FN:113,(anonymous_12)
FNF:13
FNH:0
FNDA:0,usePresence
FNDA:0,(anonymous_1)
FNDA:0,(anonymous_2)
FNDA:0,(anonymous_3)
FNDA:0,(anonymous_4)
FNDA:0,(anonymous_5)
FNDA:0,(anonymous_6)
FNDA:0,(anonymous_7)
FNDA:0,(anonymous_8)
FNDA:0,(anonymous_9)
FNDA:0,(anonymous_10)
FNDA:0,(anonymous_11)
FNDA:0,(anonymous_12)
DA:7,2
DA:8,2
DA:9,2
DA:10,2
DA:11,2
DA:27,2
DA:28,0
DA:29,0
DA:30,0
DA:31,0
DA:32,0
DA:35,0
DA:36,0
DA:41,0
DA:42,0
DA:43,0
DA:44,0
DA:49,0
DA:51,0
DA:52,0
DA:57,0
DA:58,0
DA:59,0
DA:64,0
DA:65,0
DA:66,0
DA:70,0
DA:71,0
DA:77,0
DA:78,0
DA:81,0
DA:84,0
DA:85,0
DA:88,0
DA:89,0
DA:93,0
DA:94,0
DA:96,0
DA:98,0
DA:102,0
DA:103,0
DA:104,0
DA:107,0
DA:108,0
DA:113,0
DA:121,0
DA:125,0
DA:126,0
DA:129,0
DA:134,0
DA:137,0
DA:138,0
DA:144,0
LF:53
LH:6
BRDA:51,0,0,0
BRDA:51,1,0,0
BRDA:51,1,1,0
BRDA:51,1,2,0
BRDA:78,2,0,0
BRDA:85,3,0,0
BRDA:85,3,1,0
BRDA:88,4,0,0
BRDA:102,5,0,0
BRDA:102,6,0,0
BRDA:102,6,1,0
BRDA:107,7,0,0
BRDA:107,7,1,0
BRDA:126,8,0,0
BRDA:126,8,1,0
BRF:15
BRH:0
end_of_record
TN:
SF:src\modules\presence\stores\presence-store\hooks\usePresenceSelectors.ts
FN:18,usePresenceUser
FN:19,(anonymous_1)
FN:21,(anonymous_2)
FN:27,(anonymous_3)
FN:39,useOnlineUsers
FN:40,(anonymous_5)
FN:50,useOfflineUsers
FN:51,(anonymous_7)
FN:61,usePresenceLoading
FN:62,(anonymous_9)
FN:72,usePresenceError
FN:73,(anonymous_11)
FN:84,useIsUserOnline
FN:85,(anonymous_13)
FN:86,(anonymous_14)
FNF:15
FNH:0
FNDA:0,usePresenceUser
FNDA:0,(anonymous_1)
FNDA:0,(anonymous_2)
FNDA:0,(anonymous_3)
FNDA:0,useOnlineUsers
FNDA:0,(anonymous_5)
FNDA:0,useOfflineUsers
FNDA:0,(anonymous_7)
FNDA:0,usePresenceLoading
FNDA:0,(anonymous_9)
FNDA:0,usePresenceError
FNDA:0,(anonymous_11)
FNDA:0,useIsUserOnline
FNDA:0,(anonymous_13)
FNDA:0,(anonymous_14)
DA:7,2
DA:18,2
DA:19,0
DA:21,0
DA:22,0
DA:23,0
DA:27,0
DA:28,0
DA:39,2
DA:40,0
DA:50,2
DA:51,0
DA:61,2
DA:62,0
DA:72,2
DA:73,0
DA:84,2
DA:85,0
DA:86,0
LF:19
LH:7
BRDA:22,0,0,0
BRDA:28,1,0,0
BRDA:28,1,1,0
BRF:3
BRH:0
end_of_record
TN:
SF:src\modules\pso-dashboard\routes.tsx
FN:17,psoDashboardRoutes
FNF:1
FNH:0
FNDA:0,psoDashboardRoutes
DA:8,0
DA:9,0
DA:10,0
DA:17,0
DA:18,0
LF:5
LH:0
BRF:0
BRH:0
end_of_record
TN:
SF:src\modules\pso-dashboard\api\streamingClient.ts
FN:23,(anonymous_1)
FN:43,(anonymous_2)
FNF:2
FNH:0
FNDA:0,(anonymous_1)
FNDA:0,(anonymous_2)
DA:7,0
DA:8,0
DA:14,0
DA:15,0
DA:24,0
DA:25,0
DA:27,0
DA:47,0
DA:48,0
DA:49,0
DA:50,0
DA:52,0
DA:53,0
DA:56,0
DA:60,0
DA:62,0
LF:16
LH:0
BRDA:49,0,0,0
BRDA:52,1,0,0
BRF:2
BRH:0
end_of_record
TN:
SF:src\modules\pso-dashboard\api\supervisorClient.ts
FN:19,getSupervisorForPso
FNF:1
FNH:0
FNDA:0,getSupervisorForPso
DA:7,0
DA:8,0
DA:9,0
DA:19,0
DA:22,0
DA:23,0
DA:24,0
DA:25,0
DA:27,0
DA:28,0
DA:29,0
LF:11
LH:0
BRDA:27,0,0,0
BRDA:27,0,1,0
BRDA:31,1,0,0
BRDA:31,1,1,0
BRF:4
BRH:0
end_of_record
TN:
SF:src\modules\pso-dashboard\components\MediaPermissionsModal\MediaPermissionsModal.tsx
FN:16,(anonymous_1)
FN:28,(anonymous_2)
FN:41,(anonymous_3)
FN:89,(anonymous_4)
FN:108,(anonymous_5)
FNF:5
FNH:0
FNDA:0,(anonymous_1)
FNDA:0,(anonymous_2)
FNDA:0,(anonymous_3)
FNDA:0,(anonymous_4)
FNDA:0,(anonymous_5)
DA:8,0
DA:9,0
DA:10,0
DA:16,0
DA:24,0
DA:25,0
DA:26,0
DA:28,0
DA:29,0
DA:30,0
DA:32,0
DA:33,0
DA:35,0
DA:36,0
DA:38,0
DA:41,0
DA:42,0
DA:43,0
DA:45,0
DA:46,0
DA:48,0
DA:49,0
DA:51,0
DA:54,0
DA:90,0
DA:109,0
LF:26
LH:0
BRDA:24,0,0,0
BRDA:24,0,1,0
BRDA:29,1,0,0
BRDA:29,2,0,0
BRDA:29,2,1,0
BRDA:32,3,0,0
BRDA:35,4,0,0
BRDA:42,5,0,0
BRDA:42,6,0,0
BRDA:42,6,1,0
BRDA:45,7,0,0
BRDA:48,8,0,0
BRDA:82,9,0,0
BRDA:82,9,1,0
BRDA:84,10,0,0
BRDA:84,10,1,0
BRDA:87,11,0,0
BRDA:87,11,1,0
BRDA:91,12,0,0
BRDA:91,12,1,0
BRDA:90,13,0,0
BRDA:90,13,1,0
BRDA:103,14,0,0
BRDA:103,14,1,0
BRDA:106,15,0,0
BRDA:106,15,1,0
BRDA:110,16,0,0
BRDA:110,16,1,0
BRDA:109,17,0,0
BRDA:109,17,1,0
BRF:30
BRH:0
end_of_record
TN:
SF:src\modules\pso-dashboard\components\TalkActiveBanner\TalkActiveBanner.tsx
FN:19,(anonymous_1)
FNF:1
FNH:0
FNDA:0,(anonymous_1)
DA:10,0
DA:19,0
DA:25,0
DA:26,0
DA:32,0
DA:33,0
DA:34,0
DA:35,0
DA:36,0
DA:37,0
DA:39,0
DA:40,0
DA:43,0
LF:13
LH:0
BRDA:25,0,0,0
BRDA:25,1,0,0
BRDA:25,1,1,0
BRDA:32,2,0,0
BRDA:32,2,1,0
BRDA:35,3,0,0
BRDA:35,3,1,0
BRDA:45,4,0,0
BRDA:45,4,1,0
BRF:9
BRH:0
end_of_record
TN:
SF:src\modules\pso-dashboard\constants\psoDashboardConstants.ts
FNF:0
FNH:0
DA:10,0
DA:18,0
DA:23,0
DA:32,0
DA:38,0
DA:46,0
LF:6
LH:0
BRF:0
BRH:0
end_of_record
TN:
SF:src\modules\pso-dashboard\errors\psoDashboardErrors.ts
FN:13,(anonymous_0)
FN:23,(anonymous_1)
FN:33,(anonymous_2)
FNF:3
FNH:0
FNDA:0,(anonymous_0)
FNDA:0,(anonymous_1)
FNDA:0,(anonymous_2)
DA:7,0
DA:12,0
DA:14,0
DA:15,0
DA:22,0
DA:24,0
DA:25,0
DA:32,0
DA:34,0
DA:35,0
LF:10
LH:0
BRF:0
BRH:0
end_of_record
TN:
SF:src\modules\pso-dashboard\hooks\livekit\useLiveKitRoomSetup.ts
FN:21,setupRoomEventListeners
FN:27,(anonymous_1)
FN:40,(anonymous_2)
FN:47,(anonymous_3)
FN:51,(anonymous_4)
FN:55,(anonymous_5)
FN:62,(anonymous_6)
FN:75,setupVideoTrackMonitoring
FN:82,(anonymous_8)
FN:92,(anonymous_9)
FN:109,(anonymous_10)
FN:120,attachParticipantAudio
FN:125,(anonymous_12)
FN:129,(anonymous_13)
FN:134,(anonymous_14)
FN:138,(anonymous_15)
FN:143,(anonymous_16)
FN:160,setupAudioRouting
FN:163,(anonymous_18)
FN:170,(anonymous_19)
FN:192,useLiveKitRoomSetup
FN:201,(anonymous_21)
FN:223,(anonymous_22)
FN:245,(anonymous_23)
FNF:24
FNH:0
FNDA:0,setupRoomEventListeners
FNDA:0,(anonymous_1)
FNDA:0,(anonymous_2)
FNDA:0,(anonymous_3)
FNDA:0,(anonymous_4)
FNDA:0,(anonymous_5)
FNDA:0,(anonymous_6)
FNDA:0,setupVideoTrackMonitoring
FNDA:0,(anonymous_8)
FNDA:0,(anonymous_9)
FNDA:0,(anonymous_10)
FNDA:0,attachParticipantAudio
FNDA:0,(anonymous_12)
FNDA:0,(anonymous_13)
FNDA:0,(anonymous_14)
FNDA:0,(anonymous_15)
FNDA:0,(anonymous_16)
FNDA:0,setupAudioRouting
FNDA:0,(anonymous_18)
FNDA:0,(anonymous_19)
FNDA:0,useLiveKitRoomSetup
FNDA:0,(anonymous_21)
FNDA:0,(anonymous_22)
FNDA:0,(anonymous_23)
DA:8,0
DA:10,0
DA:11,0
DA:12,0
DA:25,0
DA:27,0
DA:28,0
DA:30,0
DA:32,0
DA:33,0
DA:34,0
DA:37,0
DA:38,0
DA:40,0
DA:41,0
DA:47,0
DA:48,0
DA:51,0
DA:52,0
DA:55,0
DA:56,0
DA:62,0
DA:63,0
DA:82,0
DA:83,0
DA:84,0
DA:85,0
DA:86,0
DA:92,0
DA:93,0
DA:94,0
DA:95,0
DA:98,0
DA:99,0
DA:100,0
DA:101,0
DA:102,0
DA:103,0
DA:109,0
DA:110,0
DA:125,0
DA:126,0
DA:127,0
DA:128,0
DA:129,0
DA:134,0
DA:135,0
DA:136,0
DA:137,0
DA:138,0
DA:143,0
DA:144,0
DA:145,0
DA:146,0
DA:161,0
DA:163,0
DA:164,0
DA:165,0
DA:170,0
DA:171,0
DA:172,0
DA:176,0
DA:178,0
DA:192,0
DA:201,0
DA:205,0
DA:210,0
DA:211,0
DA:219,0
DA:222,0
DA:223,0
DA:225,0
DA:226,0
DA:227,0
DA:228,0
DA:231,0
DA:232,0
DA:233,0
DA:245,0
DA:250,0
DA:253,0
DA:254,0
DA:262,0
DA:270,0
DA:277,0
DA:278,0
DA:282,0
DA:284,0
DA:287,0
LF:89
LH:0
BRDA:30,0,0,0
BRDA:30,1,0,0
BRDA:30,1,1,0
BRDA:32,2,0,0
BRDA:38,3,0,0
BRDA:83,4,0,0
BRDA:83,5,0,0
BRDA:83,5,1,0
BRDA:85,6,0,0
BRDA:93,7,0,0
BRDA:93,8,0,0
BRDA:93,8,1,0
BRDA:99,9,0,0
BRDA:102,10,0,0
BRDA:126,11,0,0
BRDA:126,12,0,0
BRDA:126,12,1,0
BRDA:126,12,2,0
BRDA:126,12,3,0
BRDA:135,13,0,0
BRDA:135,14,0,0
BRDA:135,14,1,0
BRDA:144,15,0,0
BRDA:144,16,0,0
BRDA:144,16,1,0
BRDA:164,17,0,0
BRDA:171,18,0,0
BRDA:225,19,0,0
BRDA:231,20,0,0
BRDA:231,20,1,0
BRDA:253,21,0,0
BRDA:253,21,1,0
BRDA:277,22,0,0
BRF:33
BRH:0
end_of_record
TN:
SF:src\modules\pso-dashboard\hooks\media\useMediaDevices.ts
FN:25,ensureCameraPermission
FN:28,(anonymous_1)
FN:35,(anonymous_2)
FN:36,(anonymous_3)
FN:71,createVideoTrackWithFallback
FN:73,(anonymous_5)
FN:74,(anonymous_6)
FN:79,(anonymous_7)
FN:137,useMediaDevices
FN:146,(anonymous_9)
FN:155,(anonymous_10)
FN:157,(anonymous_11)
FN:167,(anonymous_12)
FN:179,(anonymous_13)
FN:181,(anonymous_14)
FN:188,(anonymous_15)
FN:205,(anonymous_16)
FN:214,(anonymous_17)
FN:224,(anonymous_18)
FNF:19
FNH:0
FNDA:0,ensureCameraPermission
FNDA:0,(anonymous_1)
FNDA:0,(anonymous_2)
FNDA:0,(anonymous_3)
FNDA:0,createVideoTrackWithFallback
FNDA:0,(anonymous_5)
FNDA:0,(anonymous_6)
FNDA:0,(anonymous_7)
FNDA:0,useMediaDevices
FNDA:0,(anonymous_9)
FNDA:0,(anonymous_10)
FNDA:0,(anonymous_11)
FNDA:0,(anonymous_12)
FNDA:0,(anonymous_13)
FNDA:0,(anonymous_14)
FNDA:0,(anonymous_15)
FNDA:0,(anonymous_16)
FNDA:0,(anonymous_17)
FNDA:0,(anonymous_18)
DA:9,0
DA:10,0
DA:11,0
DA:12,0
DA:13,0
DA:26,0
DA:27,0
DA:28,0
DA:30,0
DA:31,0
DA:32,0
DA:35,0
DA:36,0
DA:38,0
DA:46,0
DA:47,0
DA:48,0
DA:50,0
DA:73,0
DA:74,0
DA:78,0
DA:79,0
DA:80,0
DA:81,0
DA:83,0
DA:84,0
DA:85,0
DA:93,0
DA:95,0
DA:97,0
DA:98,0
DA:103,0
DA:105,0
DA:106,0
DA:111,0
DA:112,0
DA:119,0
DA:121,0
DA:122,0
DA:123,0
DA:137,0
DA:138,0
DA:146,0
DA:147,0
DA:155,0
DA:156,0
DA:157,0
DA:167,0
DA:168,0
DA:169,0
DA:170,0
DA:179,0
DA:180,0
DA:181,0
DA:182,0
DA:188,0
DA:189,0
DA:190,0
DA:191,0
DA:192,0
DA:193,0
DA:195,0
DA:205,0
DA:206,0
DA:214,0
DA:215,0
DA:224,0
DA:225,0
DA:226,0
DA:227,0
DA:228,0
DA:229,0
DA:231,0
DA:232,0
DA:235,0
DA:238,0
LF:76
LH:0
BRDA:31,0,0,0
BRDA:35,1,0,0
BRDA:35,1,1,0
BRDA:36,2,0,0
BRDA:36,2,1,0
BRDA:46,3,0,0
BRDA:80,4,0,0
BRDA:81,5,0,0
BRDA:97,6,0,0
BRDA:97,7,0,0
BRDA:97,7,1,0
BRDA:189,8,0,0
BRDA:215,9,0,0
BRDA:215,9,1,0
BRDA:225,10,0,0
BRDA:225,11,0,0
BRDA:225,11,1,0
BRF:17
BRH:0
end_of_record
TN:
SF:src\modules\pso-dashboard\hooks\streaming\useStreamCommandHandling.ts
FN:24,useStreamCommandHandling
FN:36,(anonymous_1)
FN:41,(anonymous_2)
FN:51,(anonymous_3)
FN:81,(anonymous_4)
FN:84,(anonymous_5)
FN:87,(anonymous_6)
FN:94,(anonymous_7)
FN:97,(anonymous_8)
FN:100,(anonymous_9)
FN:117,(anonymous_10)
FN:122,(anonymous_11)
FN:123,(anonymous_12)
FN:139,(anonymous_13)
FN:143,(anonymous_14)
FN:144,(anonymous_15)
FN:153,(anonymous_16)
FN:161,(anonymous_17)
FNF:18
FNH:0
FNDA:0,useStreamCommandHandling
FNDA:0,(anonymous_1)
FNDA:0,(anonymous_2)
FNDA:0,(anonymous_3)
FNDA:0,(anonymous_4)
FNDA:0,(anonymous_5)
FNDA:0,(anonymous_6)
FNDA:0,(anonymous_7)
FNDA:0,(anonymous_8)
FNDA:0,(anonymous_9)
FNDA:0,(anonymous_10)
FNDA:0,(anonymous_11)
FNDA:0,(anonymous_12)
FNDA:0,(anonymous_13)
FNDA:0,(anonymous_14)
FNDA:0,(anonymous_15)
FNDA:0,(anonymous_16)
FNDA:0,(anonymous_17)
DA:8,0
DA:9,0
DA:10,0
DA:11,0
DA:24,0
DA:29,0
DA:30,0
DA:32,0
DA:33,0
DA:36,0
DA:37,0
DA:38,0
DA:41,0
DA:42,0
DA:43,0
DA:46,0
DA:47,0
DA:49,0
DA:51,0
DA:52,0
DA:53,0
DA:56,0
DA:57,0
DA:60,0
DA:61,0
DA:62,0
DA:63,0
DA:64,0
DA:67,0
DA:68,0
DA:72,0
DA:73,0
DA:74,0
DA:77,0
DA:78,0
DA:79,0
DA:80,0
DA:82,0
DA:85,0
DA:88,0
DA:90,0
DA:91,0
DA:92,0
DA:93,0
DA:95,0
DA:98,0
DA:101,0
DA:103,0
DA:104,0
DA:105,0
DA:108,0
DA:112,0
DA:114,0
DA:117,0
DA:118,0
DA:120,0
DA:122,0
DA:123,0
DA:125,0
DA:127,0
DA:132,0
DA:136,0
DA:139,0
DA:140,0
DA:141,0
DA:143,0
DA:144,0
DA:146,0
DA:148,0
DA:153,0
DA:154,0
DA:155,0
DA:157,0
DA:158,0
DA:161,0
LF:75
LH:0
BRDA:42,0,0,0
BRDA:56,1,0,0
BRDA:63,2,0,0
BRDA:63,2,1,0
BRDA:64,3,0,0
BRDA:64,3,1,0
BRDA:67,4,0,0
BRDA:67,5,0,0
BRDA:67,5,1,0
BRDA:72,6,0,0
BRDA:77,7,0,0
BRDA:77,7,1,0
BRDA:90,8,0,0
BRDA:90,8,1,0
BRDA:103,9,0,0
BRDA:154,10,0,0
BRDA:157,11,0,0
BRF:17
BRH:0
end_of_record
TN:
SF:src\modules\pso-dashboard\hooks\streaming\useStreamingDashboard.ts
FN:33,useStreamingDashboard
FN:65,(anonymous_1)
FN:67,(anonymous_2)
FN:71,(anonymous_3)
FN:73,(anonymous_4)
FN:81,(anonymous_5)
FN:88,(anonymous_6)
FN:103,(anonymous_7)
FN:122,(anonymous_8)
FN:135,(anonymous_9)
FN:139,(anonymous_10)
FN:149,(anonymous_11)
FN:150,(anonymous_12)
FN:160,(anonymous_13)
FN:219,(anonymous_14)
FN:256,(anonymous_15)
FN:265,(anonymous_16)
FN:312,(anonymous_17)
FN:316,(anonymous_18)
FN:358,(anonymous_19)
FN:382,(anonymous_20)
FN:392,(anonymous_21)
FN:406,(anonymous_22)
FN:436,(anonymous_23)
FN:446,(anonymous_24)
FN:478,(anonymous_25)
FN:485,(anonymous_26)
FN:486,(anonymous_27)
FN:488,(anonymous_28)
FN:496,(anonymous_29)
FNF:30
FNH:0
FNDA:0,useStreamingDashboard
FNDA:0,(anonymous_1)
FNDA:0,(anonymous_2)
FNDA:0,(anonymous_3)
FNDA:0,(anonymous_4)
FNDA:0,(anonymous_5)
FNDA:0,(anonymous_6)
FNDA:0,(anonymous_7)
FNDA:0,(anonymous_8)
FNDA:0,(anonymous_9)
FNDA:0,(anonymous_10)
FNDA:0,(anonymous_11)
FNDA:0,(anonymous_12)
FNDA:0,(anonymous_13)
FNDA:0,(anonymous_14)
FNDA:0,(anonymous_15)
FNDA:0,(anonymous_16)
FNDA:0,(anonymous_17)
FNDA:0,(anonymous_18)
FNDA:0,(anonymous_19)
FNDA:0,(anonymous_20)
FNDA:0,(anonymous_21)
FNDA:0,(anonymous_22)
FNDA:0,(anonymous_23)
FNDA:0,(anonymous_24)
FNDA:0,(anonymous_25)
FNDA:0,(anonymous_26)
FNDA:0,(anonymous_27)
FNDA:0,(anonymous_28)
FNDA:0,(anonymous_29)
DA:9,0
DA:10,0
DA:11,0
DA:12,0
DA:13,0
DA:14,0
DA:15,0
DA:16,0
DA:33,0
DA:34,0
DA:35,0
DA:38,0
DA:39,0
DA:42,0
DA:43,0
DA:46,0
DA:47,0
DA:48,0
DA:49,0
DA:50,0
DA:53,0
DA:56,0
DA:59,0
DA:62,0
DA:66,0
DA:67,0
DA:68,0
DA:72,0
DA:73,0
DA:74,0
DA:80,0
DA:81,0
DA:82,0
DA:88,0
DA:89,0
DA:90,0
DA:91,0
DA:92,0
DA:94,0
DA:96,0
DA:103,0
DA:104,0
DA:105,0
DA:106,0
DA:107,0
DA:108,0
DA:109,0
DA:112,0
DA:113,0
DA:116,0
DA:122,0
DA:128,0
DA:133,0
DA:135,0
DA:136,0
DA:139,0
DA:140,0
DA:141,0
DA:142,0
DA:147,0
DA:148,0
DA:149,0
DA:150,0
DA:153,0
DA:154,0
DA:160,0
DA:161,0
DA:162,0
DA:165,0
DA:166,0
DA:167,0
DA:168,0
DA:169,0
DA:172,0
DA:173,0
DA:174,0
DA:176,0
DA:177,0
DA:180,0
DA:181,0
DA:182,0
DA:185,0
DA:186,0
DA:187,0
DA:189,0
DA:192,0
DA:193,0
DA:195,0
DA:199,0
DA:204,0
DA:206,0
DA:211,0
DA:219,0
DA:220,0
DA:221,0
DA:224,0
DA:225,0
DA:226,0
DA:228,0
DA:229,0
DA:231,0
DA:232,0
DA:233,0
DA:237,0
DA:238,0
DA:239,0
DA:241,0
DA:245,0
DA:246,0
DA:247,0
DA:248,0
DA:249,0
DA:250,0
DA:254,0
DA:255,0
DA:256,0
DA:259,0
DA:265,0
DA:266,0
DA:267,0
DA:268,0
DA:272,0
DA:273,0
DA:275,0
DA:276,0
DA:279,0
DA:282,0
DA:283,0
DA:284,0
DA:287,0
DA:288,0
DA:292,0
DA:293,0
DA:294,0
DA:295,0
DA:296,0
DA:299,0
DA:300,0
DA:301,0
DA:303,0
DA:304,0
DA:308,0
DA:309,0
DA:312,0
DA:313,0
DA:316,0
DA:317,0
DA:318,0
DA:319,0
DA:321,0
DA:324,0
DA:325,0
DA:328,0
DA:331,0
DA:334,0
DA:335,0
DA:337,0
DA:339,0
DA:342,0
DA:343,0
DA:344,0
DA:345,0
DA:347,0
DA:348,0
DA:351,0
DA:358,0
DA:359,0
DA:360,0
DA:361,0
DA:363,0
DA:367,0
DA:368,0
DA:369,0
DA:370,0
DA:372,0
DA:374,0
DA:375,0
DA:382,0
DA:383,0
DA:384,0
DA:385,0
DA:392,0
DA:393,0
DA:394,0
DA:395,0
DA:397,0
DA:399,0
DA:406,0
DA:407,0
DA:408,0
DA:411,0
DA:412,0
DA:421,0
DA:422,0
DA:429,0
DA:436,0
DA:437,0
DA:438,0
DA:439,0
DA:446,0
DA:447,0
DA:448,0
DA:449,0
DA:453,0
DA:455,0
DA:456,0
DA:458,0
DA:459,0
DA:461,0
DA:462,0
DA:463,0
DA:464,0
DA:465,0
DA:467,0
DA:469,0
DA:471,0
DA:478,0
DA:479,0
DA:485,0
DA:486,0
DA:487,0
DA:488,0
DA:496,0
DA:497,0
DA:500,0
LF:225
LH:0
BRDA:35,0,0,0
BRDA:35,0,1,0
BRDA:90,1,0,0
BRDA:105,2,0,0
BRDA:105,3,0,0
BRDA:105,3,1,0
BRDA:112,4,0,0
BRDA:141,5,0,0
BRDA:141,6,0,0
BRDA:141,6,1,0
BRDA:168,7,0,0
BRDA:174,8,0,0
BRDA:174,8,1,0
BRDA:176,9,0,0
BRDA:186,10,0,0
BRDA:220,11,0,0
BRDA:220,12,0,0
BRDA:220,12,1,0
BRDA:231,13,0,0
BRDA:237,14,0,0
BRDA:245,15,0,0
BRDA:266,16,0,0
BRDA:287,17,0,0
BRDA:295,18,0,0
BRDA:301,19,0,0
BRDA:301,19,1,0
BRDA:303,20,0,0
BRDA:318,21,0,0
BRDA:342,22,0,0
BRDA:359,23,0,0
BRDA:359,24,0,0
BRDA:359,24,1,0
BRDA:367,25,0,0
BRDA:383,26,0,0
BRDA:393,27,0,0
BRDA:411,28,0,0
BRDA:411,29,0,0
BRDA:411,29,1,0
BRDA:447,30,0,0
BRDA:487,31,0,0
BRF:40
BRH:0
end_of_record
TN:
SF:src\modules\pso-dashboard\hooks\supervisor\usePsoSupervisor.ts
FN:19,usePsoSupervisor
FN:24,(anonymous_1)
FN:53,(anonymous_2)
FN:54,(anonymous_3)
FNF:4
FNH:0
FNDA:0,usePsoSupervisor
FNDA:0,(anonymous_1)
FNDA:0,(anonymous_2)
FNDA:0,(anonymous_3)
DA:7,0
DA:8,0
DA:9,0
DA:19,0
DA:20,0
DA:21,0
DA:22,0
DA:24,0
DA:25,0
DA:26,0
DA:27,0
DA:28,0
DA:31,0
DA:32,0
DA:34,0
DA:35,0
DA:37,0
DA:38,0
DA:41,0
DA:44,0
DA:45,0
DA:46,0
DA:47,0
DA:49,0
DA:53,0
DA:54,0
DA:55,0
DA:59,0
LF:28
LH:0
BRDA:25,0,0,0
BRDA:37,1,0,0
BRDA:37,1,1,0
BRDA:44,2,0,0
BRDA:44,2,1,0
BRF:5
BRH:0
end_of_record
TN:
SF:src\modules\pso-dashboard\hooks\supervisor\usePsoSupervisorNotifications.ts
FN:20,usePsoSupervisorNotifications
FN:29,(anonymous_1)
FN:41,(anonymous_2)
FNF:3
FNH:0
FNDA:0,usePsoSupervisorNotifications
FNDA:0,(anonymous_1)
FNDA:0,(anonymous_2)
DA:7,0
DA:8,0
DA:9,0
DA:20,0
DA:23,0
DA:24,0
DA:27,0
DA:29,0
DA:31,0
DA:35,0
DA:38,0
DA:39,0
DA:40,0
DA:41,0
DA:44,0
DA:45,0
DA:49,0
LF:17
LH:0
BRDA:31,0,0,0
BRDA:32,1,0,0
BRDA:32,1,1,0
BRDA:39,2,0,0
BRDA:39,2,1,0
BRDA:44,3,0,0
BRF:6
BRH:0
end_of_record
TN:
SF:src\modules\pso-dashboard\hooks\talk\usePsoTalkResponse.ts
FN:23,usePsoTalkResponse
FN:37,(anonymous_1)
FN:84,(anonymous_2)
FN:113,(anonymous_3)
FN:115,(anonymous_4)
FN:119,(anonymous_5)
FN:128,(anonymous_6)
FN:129,(anonymous_7)
FN:130,(anonymous_8)
FNF:9
FNH:0
FNDA:0,usePsoTalkResponse
FNDA:0,(anonymous_1)
FNDA:0,(anonymous_2)
FNDA:0,(anonymous_3)
FNDA:0,(anonymous_4)
FNDA:0,(anonymous_5)
FNDA:0,(anonymous_6)
FNDA:0,(anonymous_7)
FNDA:0,(anonymous_8)
DA:9,0
DA:10,0
DA:11,0
DA:23,0
DA:26,0
DA:28,0
DA:29,0
DA:30,0
DA:32,0
DA:37,0
DA:38,0
DA:39,0
DA:40,0
DA:43,0
DA:44,0
DA:45,0
DA:46,0
DA:47,0
DA:49,0
DA:51,0
DA:54,0
DA:55,0
DA:57,0
DA:58,0
DA:59,0
DA:60,0
DA:61,0
DA:62,0
DA:63,0
DA:65,0
DA:66,0
DA:67,0
DA:69,0
DA:70,0
DA:71,0
DA:73,0
DA:75,0
DA:77,0
DA:84,0
DA:85,0
DA:86,0
DA:88,0
DA:89,0
DA:90,0
DA:92,0
DA:96,0
DA:97,0
DA:98,0
DA:100,0
DA:102,0
DA:105,0
DA:106,0
DA:107,0
DA:113,0
DA:114,0
DA:115,0
DA:116,0
DA:119,0
DA:120,0
DA:128,0
DA:129,0
DA:130,0
DA:134,0
LF:63
LH:0
BRDA:39,0,0,0
BRDA:43,1,0,0
BRDA:65,2,0,0
BRDA:65,2,1,0
BRDA:69,3,0,0
BRDA:88,4,0,0
BRDA:88,5,0,0
BRDA:88,5,1,0
BRDA:96,6,0,0
BRDA:114,7,0,0
BRDA:114,7,1,0
BRF:11
BRH:0
end_of_record
TN:
SF:src\modules\pso-dashboard\hooks\talk\useTalkSessionNotifications.ts
FN:28,handleTalkSessionStart
FN:61,(anonymous_1)
FN:86,handleTalkSessionEnd
FN:127,(anonymous_3)
FN:137,(anonymous_4)
FN:138,(anonymous_5)
FN:182,useTalkSessionNotifications
FN:198,(anonymous_7)
FN:213,(anonymous_8)
FN:261,(anonymous_9)
FNF:10
FNH:0
FNDA:0,handleTalkSessionStart
FNDA:0,(anonymous_1)
FNDA:0,handleTalkSessionEnd
FNDA:0,(anonymous_3)
FNDA:0,(anonymous_4)
FNDA:0,(anonymous_5)
FNDA:0,useTalkSessionNotifications
FNDA:0,(anonymous_7)
FNDA:0,(anonymous_8)
FNDA:0,(anonymous_9)
DA:9,0
DA:10,0
DA:11,0
DA:12,0
DA:29,0
DA:30,0
DA:32,0
DA:35,0
DA:36,0
DA:40,0
DA:44,0
DA:45,0
DA:48,0
DA:51,0
DA:52,0
DA:55,0
DA:56,0
DA:57,0
DA:58,0
DA:61,0
DA:62,0
DA:66,0
DA:67,0
DA:93,0
DA:96,0
DA:97,0
DA:101,0
DA:104,0
DA:105,0
DA:108,0
DA:111,0
DA:112,0
DA:113,0
DA:114,0
DA:117,0
DA:118,0
DA:119,0
DA:127,0
DA:128,0
DA:137,0
DA:138,0
DA:139,0
DA:144,0
DA:147,0
DA:148,0
DA:182,0
DA:185,0
DA:188,0
DA:189,0
DA:190,0
DA:191,0
DA:194,0
DA:195,0
DA:198,0
DA:199,0
DA:200,0
DA:203,0
DA:213,0
DA:214,0
DA:215,0
DA:218,0
DA:219,0
DA:220,0
DA:235,0
DA:236,0
DA:237,0
DA:251,0
DA:255,0
DA:258,0
DA:261,0
DA:262,0
DA:263,0
DA:264,0
DA:269,0
LF:74
LH:0
BRDA:35,0,0,0
BRDA:44,1,0,0
BRDA:58,2,0,0
BRDA:58,2,1,0
BRDA:66,3,0,0
BRDA:96,4,0,0
BRDA:96,5,0,0
BRDA:96,5,1,0
BRDA:117,6,0,0
BRDA:147,7,0,0
BRDA:199,8,0,0
BRDA:218,9,0,0
BRDA:235,10,0,0
BRDA:263,11,0,0
BRF:14
BRH:0
end_of_record
TN:
SF:src\modules\pso-dashboard\hooks\utils\useAutoReloadWhenIdle.ts
FN:21,useAutoReloadWhenIdle
FN:28,(anonymous_1)
FN:39,(anonymous_2)
FN:54,(anonymous_3)
FNF:4
FNH:0
FNDA:0,useAutoReloadWhenIdle
FNDA:0,(anonymous_1)
FNDA:0,(anonymous_2)
FNDA:0,(anonymous_3)
DA:8,0
DA:9,0
DA:21,0
DA:25,0
DA:26,0
DA:28,0
DA:30,0
DA:31,0
DA:32,0
DA:33,0
DA:35,0
DA:39,0
DA:41,0
DA:42,0
DA:43,0
DA:46,0
DA:50,0
DA:54,0
DA:55,0
DA:56,0
DA:57,0
LF:21
LH:0
BRDA:23,0,0,0
BRDA:25,1,0,0
BRDA:25,2,0,0
BRDA:30,3,0,0
BRDA:31,4,0,0
BRDA:41,5,0,0
BRDA:41,6,0,0
BRDA:41,6,1,0
BRDA:55,7,0,0
BRF:9
BRH:0
end_of_record
TN:
SF:src\modules\pso-dashboard\pages\PsoDashboardPage.tsx
FN:39,(anonymous_9)
FN:55,(anonymous_10)
FN:80,(anonymous_11)
FN:83,(anonymous_12)
FN:90,(anonymous_13)
FN:110,(anonymous_14)
FN:122,(anonymous_15)
FN:150,(anonymous_16)
FN:168,(anonymous_17)
FNF:9
FNH:0
FNDA:0,(anonymous_9)
FNDA:0,(anonymous_10)
FNDA:0,(anonymous_11)
FNDA:0,(anonymous_12)
FNDA:0,(anonymous_13)
FNDA:0,(anonymous_14)
FNDA:0,(anonymous_15)
FNDA:0,(anonymous_16)
FNDA:0,(anonymous_17)
DA:8,0
DA:10,0
DA:11,0
DA:12,0
DA:13,0
DA:14,0
DA:15,0
DA:24,0
DA:25,0
DA:26,0
DA:27,0
DA:28,0
DA:39,0
DA:40,0
DA:41,0
DA:44,0
DA:45,0
DA:48,0
DA:49,0
DA:52,0
DA:55,0
DA:56,0
DA:57,0
DA:59,0
DA:60,0
DA:61,0
DA:63,0
DA:64,0
DA:68,0
DA:71,0
DA:78,0
DA:89,0
DA:90,0
DA:91,0
DA:95,0
DA:101,0
DA:102,0
DA:109,0
DA:110,0
DA:112,0
DA:113,0
DA:116,0
DA:119,0
DA:120,0
DA:121,0
DA:122,0
DA:123,0
DA:125,0
DA:129,0
DA:130,0
DA:131,0
DA:132,0
DA:135,0
DA:138,0
DA:142,0
DA:143,0
DA:149,0
DA:150,0
DA:151,0
DA:154,0
DA:160,0
DA:164,0
DA:168,0
DA:234,0
LF:64
LH:0
BRDA:41,0,0,0
BRDA:41,0,1,0
BRDA:59,1,0,0
BRDA:59,1,1,0
BRDA:103,2,0,0
BRDA:103,2,1,0
BRDA:104,3,0,0
BRDA:104,3,1,0
BRDA:112,4,0,0
BRDA:112,5,0,0
BRDA:112,5,1,0
BRDA:112,5,2,0
BRDA:112,5,3,0
BRDA:112,5,4,0
BRDA:119,6,0,0
BRDA:130,7,0,0
BRDA:138,8,0,0
BRDA:138,8,1,0
BRDA:142,9,0,0
BRDA:142,9,1,0
BRDA:142,10,0,0
BRDA:142,10,1,0
BRDA:169,11,0,0
BRDA:169,11,1,0
BRDA:170,12,0,0
BRDA:170,12,1,0
BRDA:171,13,0,0
BRDA:171,13,1,0
BRDA:172,14,0,0
BRDA:172,14,1,0
BRDA:175,15,0,0
BRDA:175,15,1,0
BRDA:186,16,0,0
BRDA:186,16,1,0
BRDA:203,17,0,0
BRDA:203,17,1,0
BRDA:210,18,0,0
BRDA:210,18,1,0
BRDA:213,19,0,0
BRDA:213,19,1,0
BRDA:214,20,0,0
BRDA:214,20,1,0
BRDA:215,21,0,0
BRDA:215,21,1,0
BRDA:216,22,0,0
BRDA:216,22,1,0
BRDA:217,23,0,0
BRDA:217,23,1,0
BRDA:220,24,0,0
BRDA:220,24,1,0
BRF:50
BRH:0
end_of_record
TN:
SF:src\modules\pso-streaming\routes.tsx
FN:16,psoStreamingRoutes
FNF:1
FNH:0
FNDA:0,psoStreamingRoutes
DA:8,0
DA:9,0
DA:10,0
DA:16,0
DA:17,0
LF:5
LH:0
BRF:0
BRH:0
end_of_record
TN:
SF:src\modules\pso-streaming\api\cameraCommandClient.ts
FN:21,(anonymous_1)
FN:31,(anonymous_2)
FN:40,(anonymous_3)
FN:51,(anonymous_4)
FNF:4
FNH:0
FNDA:0,(anonymous_1)
FNDA:0,(anonymous_2)
FNDA:0,(anonymous_3)
FNDA:0,(anonymous_4)
DA:7,0
DA:8,0
DA:13,0
DA:14,0
DA:22,0
DA:32,0
DA:41,0
DA:56,0
DA:57,0
DA:63,0
DA:64,0
DA:67,0
DA:69,0
DA:70,0
LF:14
LH:0
BRDA:63,0,0,0
BRDA:69,1,0,0
BRDA:69,1,1,0
BRDA:72,2,0,0
BRDA:72,2,1,0
BRF:5
BRH:0
end_of_record
TN:
SF:src\modules\pso-streaming\api\livekitClient.ts
FN:26,getLiveKitToken
FNF:1
FNH:0
FNDA:0,getLiveKitToken
DA:7,0
DA:8,0
DA:26,0
DA:29,0
DA:31,0
DA:36,0
DA:38,0
DA:39,0
DA:44,0
DA:50,0
DA:51,0
DA:52,0
DA:59,0
DA:61,0
DA:62,0
DA:64,0
DA:65,0
LF:17
LH:0
BRDA:31,0,0,0
BRDA:31,0,1,0
BRDA:39,1,0,0
BRDA:40,2,0,0
BRDA:40,2,1,0
BRDA:40,2,2,0
BRDA:51,3,0,0
BRDA:51,4,0,0
BRDA:51,4,1,0
BRDA:61,5,0,0
BRDA:64,6,0,0
BRDA:64,6,1,0
BRDA:67,7,0,0
BRDA:67,7,1,0
BRF:14
BRH:0
end_of_record
TN:
SF:src\modules\pso-streaming\api\recordingCommandClient.ts
FN:21,sendRecordingCommand
FN:43,startRecording
FN:54,stopRecording
FNF:3
FNH:0
FNDA:0,sendRecordingCommand
FNDA:0,startRecording
FNDA:0,stopRecording
DA:7,0
DA:8,0
DA:21,0
DA:24,0
DA:25,0
DA:26,0
DA:28,0
DA:43,0
DA:44,0
DA:54,0
DA:55,0
LF:11
LH:0
BRF:0
BRH:0
end_of_record
TN:
SF:src\modules\pso-streaming\api\snapshotClient.ts
FN:18,sendSnapshotReport
FNF:1
FNH:0
FNDA:0,sendSnapshotReport
DA:7,0
DA:8,0
DA:18,0
DA:19,0
DA:20,0
DA:21,0
DA:23,0
LF:7
LH:0
BRF:0
BRH:0
end_of_record
TN:
SF:src\modules\pso-streaming\api\snapshotReasonsClient.ts
FN:30,(anonymous_1)
FNF:1
FNH:0
FNDA:0,(anonymous_1)
DA:7,0
DA:8,0
DA:21,0
DA:22,0
DA:31,0
DA:32,0
DA:33,0
DA:35,0
LF:8
LH:0
BRF:0
BRH:0
end_of_record
TN:
SF:src\modules\pso-streaming\api\streamingSessionHistoryClient.ts
FN:26,fetchStreamingSessionHistoryByEmail
FNF:1
FNH:0
FNDA:0,fetchStreamingSessionHistoryByEmail
DA:7,0
DA:8,0
DA:26,0
DA:29,0
DA:30,0
DA:38,0
DA:40,0
LF:7
LH:0
BRF:0
BRH:0
end_of_record
TN:
SF:src\modules\pso-streaming\api\streamingStatusBatchClient.ts
FN:24,fetchStreamingStatusBatch
FNF:1
FNH:0
FNDA:0,fetchStreamingStatusBatch
DA:13,0
DA:14,0
DA:15,0
DA:24,0
DA:25,0
DA:26,0
DA:29,0
DA:31,0
DA:32,0
LF:9
LH:0
BRDA:32,0,0,0
BRDA:32,0,1,0
BRF:2
BRH:0
end_of_record
TN:
SF:src\modules\pso-streaming\api\streamingStatusClient.ts
FN:27,fetchStreamingSessions
FNF:1
FNH:0
FNDA:0,fetchStreamingSessions
DA:13,0
DA:14,0
DA:15,0
DA:27,0
DA:28,0
DA:29,0
DA:32,0
DA:34,0
DA:35,0
LF:9
LH:0
BRDA:32,0,0,0
BRDA:32,0,1,0
BRDA:35,1,0,0
BRDA:35,1,1,0
BRF:4
BRH:0
end_of_record
TN:
SF:src\modules\pso-streaming\api\talkSessionClient.ts
FN:34,(anonymous_1)
FN:62,(anonymous_2)
FN:93,(anonymous_3)
FN:129,(anonymous_4)
FN:163,(anonymous_5)
FNF:5
FNH:0
FNDA:0,(anonymous_1)
FNDA:0,(anonymous_2)
FNDA:0,(anonymous_3)
FNDA:0,(anonymous_4)
FNDA:0,(anonymous_5)
DA:7,0
DA:8,0
DA:9,0
DA:22,0
DA:23,0
DA:24,0
DA:25,0
DA:35,0
DA:39,0
DA:40,0
DA:44,0
DA:46,0
DA:66,0
DA:71,0
DA:72,0
DA:76,0
DA:78,0
DA:94,0
DA:95,0
DA:103,0
DA:105,0
DA:134,0
DA:135,0
DA:140,0
DA:145,0
DA:146,0
DA:147,0
DA:148,0
DA:149,0
DA:158,0
LF:30
LH:0
BRDA:145,0,0,0
BRDA:148,1,0,0
BRF:2
BRH:0
end_of_record
TN:
SF:src\modules\pso-streaming\components\RefreshButton.tsx
FN:26,(anonymous_9)
FN:34,(anonymous_10)
FN:48,(anonymous_11)
FNF:3
FNH:0
FNDA:0,(anonymous_9)
FNDA:0,(anonymous_10)
FNDA:0,(anonymous_11)
DA:9,0
DA:10,0
DA:11,0
DA:12,0
DA:13,0
DA:15,0
DA:26,0
DA:30,0
DA:31,0
DA:32,0
DA:34,0
DA:35,0
DA:37,0
DA:39,0
DA:40,0
DA:41,0
DA:42,0
DA:44,0
DA:45,0
DA:46,0
DA:48,0
DA:49,0
DA:54,0
LF:23
LH:0
BRDA:28,0,0,0
BRDA:35,1,0,0
BRDA:35,2,0,0
BRDA:35,2,1,0
BRDA:44,3,0,0
BRDA:44,3,1,0
BRDA:59,4,0,0
BRDA:59,4,1,0
BRF:8
BRH:0
end_of_record
TN:
SF:src\modules\pso-streaming\components\SimpleVideoCard.tsx
FN:20,(anonymous_10)
FN:44,(anonymous_11)
FN:57,(anonymous_12)
FN:85,(anonymous_13)
FNF:4
FNH:0
FNDA:0,(anonymous_10)
FNDA:0,(anonymous_11)
FNDA:0,(anonymous_12)
FNDA:0,(anonymous_13)
DA:9,0
DA:10,0
DA:11,0
DA:20,0
DA:39,0
DA:44,0
DA:45,0
DA:47,0
DA:48,0
DA:50,0
DA:53,0
DA:57,0
DA:58,0
DA:61,0
DA:87,0
DA:93,0
DA:94,0
DA:95,0
DA:99,0
DA:102,0
DA:104,0
LF:21
LH:0
BRDA:45,0,0,0
BRDA:45,0,1,0
BRDA:48,1,0,0
BRDA:48,1,1,0
BRDA:67,2,0,0
BRDA:67,2,1,0
BRDA:68,3,0,0
BRDA:68,3,1,0
BRDA:94,4,0,0
BRF:9
BRH:0
end_of_record
TN:
SF:src\modules\pso-streaming\components\SupervisorSelector.tsx
FN:21,(anonymous_9)
FN:31,(anonymous_10)
FN:32,(anonymous_11)
FN:33,(anonymous_12)
FN:41,(anonymous_13)
FN:50,(anonymous_14)
FN:51,(anonymous_15)
FN:53,(anonymous_16)
FN:60,(anonymous_17)
FN:68,(anonymous_18)
FN:93,(anonymous_19)
FN:103,(anonymous_20)
FN:111,(anonymous_21)
FN:112,(anonymous_22)
FNF:14
FNH:0
FNDA:0,(anonymous_9)
FNDA:0,(anonymous_10)
FNDA:0,(anonymous_11)
FNDA:0,(anonymous_12)
FNDA:0,(anonymous_13)
FNDA:0,(anonymous_14)
FNDA:0,(anonymous_15)
FNDA:0,(anonymous_16)
FNDA:0,(anonymous_17)
FNDA:0,(anonymous_18)
FNDA:0,(anonymous_19)
FNDA:0,(anonymous_20)
FNDA:0,(anonymous_21)
FNDA:0,(anonymous_22)
DA:7,0
DA:8,0
DA:9,0
DA:10,0
DA:11,0
DA:13,0
DA:21,0
DA:31,0
DA:32,0
DA:33,0
DA:34,0
DA:35,0
DA:36,0
DA:38,0
DA:39,0
DA:41,0
DA:42,0
DA:43,0
DA:50,0
DA:51,0
DA:52,0
DA:53,0
DA:54,0
DA:58,0
DA:59,0
DA:60,0
DA:61,0
DA:62,0
DA:68,0
DA:69,0
DA:70,0
DA:73,0
DA:74,0
DA:75,0
DA:79,0
DA:80,0
DA:83,0
DA:84,0
DA:86,0
DA:87,0
DA:92,0
DA:93,0
DA:94,0
DA:95,0
DA:96,0
DA:98,0
DA:99,0
DA:100,0
DA:102,0
DA:103,0
DA:104,0
DA:106,0
DA:110,0
DA:112,0
DA:119,0
DA:121,0
DA:123,0
DA:124,0
DA:131,0
DA:172,0
LF:60
LH:0
BRDA:27,0,0,0
BRDA:28,1,0,0
BRDA:38,2,0,0
BRDA:38,2,1,0
BRDA:39,3,0,0
BRDA:39,3,1,0
BRDA:42,4,0,0
BRDA:42,4,1,0
BRDA:43,5,0,0
BRDA:43,5,1,0
BRDA:69,6,0,0
BRDA:74,7,0,0
BRDA:79,8,0,0
BRDA:79,9,0,0
BRDA:79,9,1,0
BRDA:94,10,0,0
BRDA:94,10,1,0
BRDA:102,11,0,0
BRDA:102,11,1,0
BRDA:104,12,0,0
BRDA:104,12,1,0
BRDA:104,13,0,0
BRDA:104,13,1,0
BRDA:119,14,0,0
BRDA:119,14,1,0
BRDA:121,15,0,0
BRDA:121,15,1,0
BRDA:123,16,0,0
BRDA:137,17,0,0
BRDA:137,17,1,0
BRDA:137,18,0,0
BRDA:137,18,1,0
BRDA:142,19,0,0
BRDA:142,19,1,0
BRDA:142,20,0,0
BRDA:142,20,1,0
BRDA:142,20,2,0
BRDA:165,21,0,0
BRDA:165,21,1,0
BRF:39
BRH:0
end_of_record
TN:
SF:src\modules\pso-streaming\components\TalkNavigationGuard.tsx
FN:24,(anonymous_0)
FN:35,(anonymous_1)
FN:42,(anonymous_2)
FN:46,(anonymous_3)
FN:56,(anonymous_4)
FN:65,(anonymous_5)
FN:67,(anonymous_6)
FN:78,(anonymous_7)
FN:81,(anonymous_8)
FN:90,(anonymous_9)
FN:125,(anonymous_10)
FNF:11
FNH:0
FNDA:0,(anonymous_0)
FNDA:0,(anonymous_1)
FNDA:0,(anonymous_2)
FNDA:0,(anonymous_3)
FNDA:0,(anonymous_4)
FNDA:0,(anonymous_5)
FNDA:0,(anonymous_6)
FNDA:0,(anonymous_7)
FNDA:0,(anonymous_8)
FNDA:0,(anonymous_9)
FNDA:0,(anonymous_10)
DA:8,0
DA:9,0
DA:10,0
DA:11,0
DA:12,0
DA:13,0
DA:24,0
DA:25,0
DA:26,0
DA:27,0
DA:29,0
DA:30,0
DA:31,0
DA:32,0
DA:35,0
DA:36,0
DA:42,0
DA:43,0
DA:47,0
DA:48,0
DA:54,0
DA:56,0
DA:57,0
DA:65,0
DA:66,0
DA:68,0
DA:69,0
DA:73,0
DA:74,0
DA:75,0
DA:76,0
DA:78,0
DA:81,0
DA:82,0
DA:90,0
DA:91,0
DA:92,0
DA:95,0
DA:96,0
DA:97,0
DA:99,0
DA:101,0
DA:102,0
DA:105,0
DA:106,0
DA:107,0
DA:110,0
DA:112,0
DA:113,0
DA:116,0
DA:117,0
DA:125,0
DA:126,0
DA:127,0
DA:128,0
DA:131,0
LF:56
LH:0
BRDA:68,0,0,0
BRDA:68,1,0,0
BRDA:68,1,1,0
BRDA:91,2,0,0
BRDA:105,3,0,0
BRDA:112,4,0,0
BRF:6
BRH:0
end_of_record
TN:
SF:src\modules\pso-streaming\components\TalkNavigationModal.tsx
FN:22,(anonymous_1)
FNF:1
FNH:0
FNDA:0,(anonymous_1)
DA:8,0
DA:9,0
DA:22,0
DA:27,0
LF:4
LH:0
BRF:0
BRH:0
end_of_record
TN:
SF:src\modules\pso-streaming\components\TimerDisplay.tsx
FN:14,(anonymous_1)
FN:48,(anonymous_2)
FNF:2
FNH:0
FNDA:0,(anonymous_1)
FNDA:0,(anonymous_2)
DA:7,0
DA:9,0
DA:14,0
DA:19,0
DA:20,0
DA:23,0
DA:24,0
DA:26,0
DA:48,0
DA:49,0
DA:50,0
DA:53,0
DA:55,0
LF:13
LH:0
BRDA:16,0,0,0
BRDA:17,1,0,0
BRDA:19,2,0,0
BRDA:23,3,0,0
BRDA:23,3,1,0
BRDA:24,4,0,0
BRDA:24,4,1,0
BRDA:28,5,0,0
BRDA:28,5,1,0
BRDA:36,6,0,0
BRDA:36,6,1,0
BRDA:49,7,0,0
BRDA:53,8,0,0
BRDA:53,8,1,0
BRF:14
BRH:0
end_of_record
TN:
SF:src\modules\pso-streaming\components\VideoCard.tsx
FN:30,(anonymous_9)
FN:44,(anonymous_10)
FNF:2
FNH:0
FNDA:0,(anonymous_9)
FNDA:0,(anonymous_10)
DA:9,0
DA:10,0
DA:11,0
DA:30,0
DA:31,0
DA:32,0
DA:34,0
DA:45,0
DA:47,0
DA:48,0
DA:49,0
DA:53,0
DA:56,0
DA:58,0
LF:14
LH:0
BRDA:31,0,0,0
BRDA:48,1,0,0
BRF:2
BRH:0
end_of_record
TN:
SF:src\modules\pso-streaming\components\VideoGridContainer.tsx
FN:20,(anonymous_1)
FN:43,(anonymous_2)
FN:65,usePortalMinWidth
FNF:3
FNH:0
FNDA:0,(anonymous_1)
FNDA:0,(anonymous_2)
FNDA:0,usePortalMinWidth
DA:7,0
DA:8,0
DA:20,0
DA:25,0
DA:27,0
DA:43,0
DA:49,0
DA:50,0
DA:52,0
DA:65,0
DA:66,0
LF:11
LH:0
BRDA:23,0,0,0
BRDA:47,1,0,0
BRF:2
BRH:0
end_of_record
TN:
SF:src\modules\pso-streaming\components\VideoCard\components\VideoCardControls.tsx
FN:25,(anonymous_1)
FN:68,(anonymous_2)
FN:79,(anonymous_3)
FN:114,(anonymous_4)
FNF:4
FNH:0
FNDA:0,(anonymous_1)
FNDA:0,(anonymous_2)
FNDA:0,(anonymous_3)
FNDA:0,(anonymous_4)
DA:8,0
DA:9,0
DA:25,0
DA:51,0
DA:52,0
DA:53,0
DA:55,0
DA:68,0
DA:79,0
DA:115,0
DA:116,0
LF:11
LH:0
BRDA:51,0,0,0
BRDA:51,0,1,0
BRDA:52,1,0,0
BRDA:52,1,1,0
BRDA:52,1,2,0
BRDA:53,2,0,0
BRDA:53,2,1,0
BRDA:53,3,0,0
BRDA:53,3,1,0
BRDA:58,4,0,0
BRDA:58,4,1,0
BRDA:85,5,0,0
BRDA:85,5,1,0
BRDA:88,6,0,0
BRDA:88,6,1,0
BRDA:90,7,0,0
BRDA:90,7,1,0
BRDA:92,8,0,0
BRDA:92,8,1,0
BRDA:96,9,0,0
BRDA:96,9,1,0
BRDA:101,10,0,0
BRDA:101,10,1,0
BRDA:107,11,0,0
BRDA:107,11,1,0
BRDA:111,12,0,0
BRDA:111,12,1,0
BRDA:112,13,0,0
BRDA:112,13,1,0
BRDA:115,14,0,0
BRDA:116,15,0,0
BRDA:116,15,1,0
BRF:32
BRH:0
end_of_record
TN:
SF:src\modules\pso-streaming\components\VideoCard\components\VideoCardDisplay.tsx
FN:25,(anonymous_1)
FN:49,(anonymous_2)
FNF:2
FNH:0
FNDA:0,(anonymous_1)
FNDA:0,(anonymous_2)
DA:8,0
DA:9,0
DA:10,0
DA:25,0
DA:36,0
DA:38,0
DA:50,0
DA:51,0
DA:52,0
LF:9
LH:0
BRDA:40,0,0,0
BRDA:40,0,1,0
BRDA:51,1,0,0
BRDA:69,2,0,0
BRDA:69,2,1,0
BRDA:74,3,0,0
BRDA:74,3,1,0
BRF:7
BRH:0
end_of_record
TN:
SF:src\modules\pso-streaming\components\VideoCard\components\VideoCardHeader.tsx
FN:22,(anonymous_1)
FNF:1
FNH:0
FNDA:0,(anonymous_1)
DA:8,0
DA:9,0
DA:22,0
DA:33,0
DA:34,0
DA:37,0
LF:6
LH:0
BRDA:33,0,0,0
BRDA:39,1,0,0
BRDA:39,1,1,0
BRDA:39,2,0,0
BRDA:39,2,1,0
BRDA:42,3,0,0
BRDA:42,3,1,0
BRDA:43,4,0,0
BRDA:43,4,1,0
BRF:9
BRH:0
end_of_record
TN:
SF:src\modules\pso-streaming\components\VideoCard\components\VideoCardSnapshotModal.tsx
FN:24,(anonymous_1)
FN:70,(anonymous_2)
FN:71,(anonymous_3)
FN:75,(anonymous_4)
FN:98,(anonymous_5)
FNF:5
FNH:0
FNDA:0,(anonymous_1)
FNDA:0,(anonymous_2)
FNDA:0,(anonymous_3)
FNDA:0,(anonymous_4)
FNDA:0,(anonymous_5)
DA:8,0
DA:9,0
DA:10,0
DA:24,0
DA:37,0
DA:38,0
DA:40,0
DA:71,0
DA:72,0
DA:75,0
DA:98,0
LF:11
LH:0
BRDA:38,0,0,0
BRDA:38,0,1,0
BRDA:38,0,2,0
BRDA:55,1,0,0
BRDA:55,1,1,0
BRDA:69,2,0,0
BRDA:69,2,1,0
BRDA:72,3,0,0
BRDA:72,3,1,0
BRDA:90,4,0,0
BRDA:90,4,1,0
BRDA:99,5,0,0
BRDA:99,5,1,0
BRF:13
BRH:0
end_of_record
TN:
SF:src\modules\pso-streaming\components\VideoCard\hooks\useVideoCardCleanup.ts
FN:19,useVideoCardCleanup
FN:40,(anonymous_1)
FN:46,(anonymous_2)
FN:54,(anonymous_3)
FN:67,(anonymous_4)
FN:72,(anonymous_5)
FN:73,(anonymous_6)
FN:90,(anonymous_7)
FNF:8
FNH:0
FNDA:0,useVideoCardCleanup
FNDA:0,(anonymous_1)
FNDA:0,(anonymous_2)
FNDA:0,(anonymous_3)
FNDA:0,(anonymous_4)
FNDA:0,(anonymous_5)
FNDA:0,(anonymous_6)
FNDA:0,(anonymous_7)
DA:7,0
DA:8,0
DA:9,0
DA:10,0
DA:11,0
DA:19,0
DA:35,0
DA:37,0
DA:38,0
DA:40,0
DA:41,0
DA:42,0
DA:43,0
DA:46,0
DA:47,0
DA:48,0
DA:49,0
DA:50,0
DA:51,0
DA:52,0
DA:55,0
DA:65,0
DA:67,0
DA:68,0
DA:72,0
DA:73,0
DA:79,0
DA:80,0
DA:81,0
DA:83,0
DA:84,0
DA:85,0
DA:90,0
DA:91,0
DA:92,0
DA:94,0
DA:95,0
DA:96,0
DA:98,0
DA:99,0
LF:40
LH:0
BRDA:42,0,0,0
BRDA:42,1,0,0
BRDA:42,1,1,0
BRDA:47,2,0,0
BRDA:51,3,0,0
BRDA:51,4,0,0
BRDA:51,4,1,0
BRDA:79,5,0,0
BRDA:83,6,0,0
BRDA:94,7,0,0
BRDA:94,8,0,0
BRDA:94,8,1,0
BRDA:95,9,0,0
BRDA:98,10,0,0
BRF:14
BRH:0
end_of_record
TN:
SF:src\modules\pso-streaming\components\VideoCard\hooks\useVideoCardHandlers.ts
FN:21,useVideoCardHandlers
FN:42,(anonymous_1)
FN:49,(anonymous_2)
FN:53,(anonymous_3)
FN:57,(anonymous_4)
FN:81,(anonymous_5)
FN:85,(anonymous_6)
FNF:7
FNH:0
FNDA:0,useVideoCardHandlers
FNDA:0,(anonymous_1)
FNDA:0,(anonymous_2)
FNDA:0,(anonymous_3)
FNDA:0,(anonymous_4)
FNDA:0,(anonymous_5)
FNDA:0,(anonymous_6)
DA:7,0
DA:8,0
DA:21,0
DA:37,0
DA:39,0
DA:41,0
DA:44,0
DA:49,0
DA:50,0
DA:53,0
DA:54,0
DA:57,0
DA:58,0
DA:59,0
DA:60,0
DA:61,0
DA:63,0
DA:64,0
DA:66,0
DA:68,0
DA:69,0
DA:70,0
DA:75,0
DA:81,0
DA:82,0
DA:85,0
DA:86,0
DA:87,0
DA:89,0
DA:90,0
DA:94,0
LF:31
LH:0
BRDA:58,0,0,0
BRDA:58,0,1,0
BRDA:60,1,0,0
BRDA:60,1,1,0
BRDA:66,2,0,0
BRDA:66,2,1,0
BRDA:68,3,0,0
BRDA:68,3,1,0
BRDA:69,4,0,0
BRDA:69,4,1,0
BRDA:69,4,2,0
BRDA:89,5,0,0
BRDA:89,5,1,0
BRF:13
BRH:0
end_of_record
TN:
SF:src\modules\pso-streaming\components\VideoCard\hooks\useVideoCardLogic.ts
FN:28,useVideoCardLogic
FN:92,(anonymous_1)
FN:96,(anonymous_2)
FN:100,(anonymous_3)
FN:123,(anonymous_4)
FN:126,(anonymous_5)
FN:137,(anonymous_6)
FN:141,(anonymous_7)
FN:147,(anonymous_8)
FN:150,(anonymous_9)
FNF:10
FNH:0
FNDA:0,useVideoCardLogic
FNDA:0,(anonymous_1)
FNDA:0,(anonymous_2)
FNDA:0,(anonymous_3)
FNDA:0,(anonymous_4)
FNDA:0,(anonymous_5)
FNDA:0,(anonymous_6)
FNDA:0,(anonymous_7)
FNDA:0,(anonymous_8)
FNDA:0,(anonymous_9)
DA:7,0
DA:9,0
DA:10,0
DA:11,0
DA:12,0
DA:13,0
DA:14,0
DA:15,0
DA:16,0
DA:17,0
DA:18,0
DA:19,0
DA:28,0
DA:51,0
DA:53,0
DA:54,0
DA:55,0
DA:57,0
DA:58,0
DA:59,0
DA:62,0
DA:63,0
DA:64,0
DA:71,0
DA:81,0
DA:83,0
DA:89,0
DA:92,0
DA:93,0
DA:96,0
DA:97,0
DA:100,0
DA:101,0
DA:105,0
DA:117,0
DA:124,0
DA:127,0
DA:134,0
DA:137,0
DA:138,0
DA:139,0
DA:140,0
DA:141,0
DA:147,0
DA:148,0
DA:149,0
DA:150,0
DA:169,0
DA:172,0
DA:187,0
DA:188,0
DA:191,0
DA:206,0
DA:222,0
DA:237,0
LF:55
LH:0
BRDA:35,0,0,0
BRDA:41,1,0,0
BRDA:42,2,0,0
BRDA:43,3,0,0
BRDA:71,4,0,0
BRDA:71,4,1,0
BRDA:84,5,0,0
BRDA:84,5,1,0
BRDA:85,6,0,0
BRDA:85,6,1,0
BRDA:89,7,0,0
BRDA:89,7,1,0
BRDA:89,7,2,0
BRDA:113,8,0,0
BRDA:113,8,1,0
BRDA:119,9,0,0
BRDA:119,9,1,0
BRDA:120,10,0,0
BRDA:120,10,1,0
BRDA:121,11,0,0
BRDA:121,11,1,0
BRDA:138,12,0,0
BRDA:140,13,0,0
BRDA:148,14,0,0
BRDA:148,15,0,0
BRDA:148,15,1,0
BRDA:174,16,0,0
BRDA:174,16,1,0
BRDA:188,17,0,0
BRDA:188,17,1,0
BRDA:189,18,0,0
BRDA:189,18,1,0
BRDA:190,19,0,0
BRDA:190,19,1,0
BRDA:190,19,2,0
BRDA:260,20,0,0
BRDA:260,20,1,0
BRF:37
BRH:0
end_of_record
TN:
SF:src\modules\pso-streaming\components\VideoCard\hooks\useVideoCardState.ts
FN:20,useVideoCardState
FN:36,(anonymous_1)
FN:38,(anonymous_2)
FN:44,(anonymous_3)
FN:46,(anonymous_4)
FN:53,(anonymous_5)
FN:54,(anonymous_6)
FN:55,(anonymous_7)
FN:57,(anonymous_8)
FN:67,(anonymous_9)
FNF:10
FNH:0
FNDA:0,useVideoCardState
FNDA:0,(anonymous_1)
FNDA:0,(anonymous_2)
FNDA:0,(anonymous_3)
FNDA:0,(anonymous_4)
FNDA:0,(anonymous_5)
FNDA:0,(anonymous_6)
FNDA:0,(anonymous_7)
FNDA:0,(anonymous_8)
FNDA:0,(anonymous_9)
DA:7,0
DA:8,0
DA:20,0
DA:34,0
DA:36,0
DA:38,0
DA:39,0
DA:40,0
DA:41,0
DA:44,0
DA:46,0
DA:47,0
DA:48,0
DA:50,0
DA:53,0
DA:54,0
DA:55,0
DA:57,0
DA:58,0
DA:65,0
DA:66,0
DA:67,0
DA:69,0
LF:23
LH:0
BRDA:36,0,0,0
BRDA:36,0,1,0
BRDA:36,0,2,0
BRDA:39,1,0,0
BRDA:40,2,0,0
BRDA:41,3,0,0
BRDA:41,3,1,0
BRDA:44,4,0,0
BRDA:44,4,1,0
BRDA:44,4,2,0
BRDA:47,5,0,0
BRDA:50,6,0,0
BRDA:50,6,1,0
BRDA:53,7,0,0
BRDA:53,7,1,0
BRDA:54,8,0,0
BRDA:54,8,1,0
BRDA:59,9,0,0
BRDA:59,9,1,0
BRDA:59,9,2,0
BRF:20
BRH:0
end_of_record
TN:
SF:src\modules\pso-streaming\components\buttons\ChatButton.tsx
FN:13,(anonymous_1)
FNF:1
FNH:0
FNDA:0,(anonymous_1)
DA:7,0
DA:13,0
DA:18,0
LF:3
LH:0
BRDA:15,0,0,0
BRDA:16,1,0,0
BRF:2
BRH:0
end_of_record
TN:
SF:src\modules\pso-streaming\components\buttons\StartStopButton.tsx
FN:13,(anonymous_1)
FNF:1
FNH:0
FNDA:0,(anonymous_1)
DA:7,0
DA:13,0
DA:21,0
DA:22,0
DA:24,0
LF:5
LH:0
BRDA:16,0,0,0
BRDA:17,1,0,0
BRDA:19,2,0,0
BRDA:21,3,0,0
BRDA:21,3,1,0
BRDA:21,4,0,0
BRDA:21,4,1,0
BRDA:22,5,0,0
BRDA:22,5,1,0
BRDA:28,6,0,0
BRDA:28,6,1,0
BRDA:32,7,0,0
BRDA:32,7,1,0
BRF:13
BRH:0
end_of_record
TN:
SF:src\modules\pso-streaming\components\constants\refreshButtonConstants.ts
FNF:0
FNH:0
DA:10,0
LF:1
LH:0
BRF:0
BRH:0
end_of_record
TN:
SF:src\modules\pso-streaming\constants\psoStreamingConstants.ts
FNF:0
FNH:0
DA:12,0
DA:17,0
DA:22,0
LF:3
LH:0
BRF:0
BRH:0
end_of_record
TN:
SF:src\modules\pso-streaming\constants\snapshotReasonsStoreConstants.ts
FNF:0
FNH:0
DA:11,0
LF:1
LH:0
BRF:0
BRH:0
end_of_record
TN:
SF:src\modules\pso-streaming\constants\streamingConstants.ts
FNF:0
FNH:0
DA:10,0
DA:18,0
DA:26,0
DA:31,0
LF:4
LH:0
BRF:0
BRH:0
end_of_record
TN:
SF:src\modules\pso-streaming\constants\timerConstants.ts
FNF:0
FNH:0
DA:7,0
DA:12,0
DA:23,0
DA:36,0
DA:47,0
DA:56,0
DA:65,0
LF:7
LH:0
BRF:0
BRH:0
end_of_record
TN:
SF:src\modules\pso-streaming\enums\streamingStatus.ts
FN:10,(anonymous_0)
FNF:1
FNH:0
FNDA:0,(anonymous_0)
DA:10,0
DA:11,0
DA:12,0
DA:13,0
LF:4
LH:0
BRDA:10,0,0,0
BRDA:10,0,1,0
BRF:2
BRH:0
end_of_record
TN:
SF:src\modules\pso-streaming\enums\streamingStopReason.ts
FN:10,(anonymous_0)
FNF:1
FNH:1
FNDA:5,(anonymous_0)
DA:10,5
DA:11,5
DA:12,5
DA:13,5
DA:14,5
DA:15,5
DA:16,5
DA:17,5
LF:8
LH:8
BRDA:10,0,0,5
BRDA:10,0,1,5
BRF:2
BRH:2
end_of_record
TN:
SF:src\modules\pso-streaming\enums\timerColor.ts
FN:7,(anonymous_0)
FNF:1
FNH:0
FNDA:0,(anonymous_0)
DA:7,0
DA:8,0
DA:9,0
DA:10,0
LF:4
LH:0
BRDA:7,0,0,0
BRDA:7,0,1,0
BRF:2
BRH:0
end_of_record
TN:
SF:src\modules\pso-streaming\enums\timerType.ts
FN:7,(anonymous_0)
FNF:1
FNH:0
FNDA:0,(anonymous_0)
DA:7,0
DA:8,0
DA:9,0
DA:10,0
DA:11,0
DA:12,0
LF:6
LH:0
BRDA:7,0,0,0
BRDA:7,0,1,0
BRF:2
BRH:0
end_of_record
TN:
SF:src\modules\pso-streaming\errors\psoStreamingErrors.ts
FN:13,(anonymous_0)
FN:23,(anonymous_1)
FN:33,(anonymous_2)
FN:43,(anonymous_3)
FN:53,(anonymous_4)
FN:63,(anonymous_5)
FN:73,(anonymous_6)
FN:83,(anonymous_7)
FNF:8
FNH:0
FNDA:0,(anonymous_0)
FNDA:0,(anonymous_1)
FNDA:0,(anonymous_2)
FNDA:0,(anonymous_3)
FNDA:0,(anonymous_4)
FNDA:0,(anonymous_5)
FNDA:0,(anonymous_6)
FNDA:0,(anonymous_7)
DA:7,0
DA:12,0
DA:14,0
DA:15,0
DA:22,0
DA:24,0
DA:25,0
DA:32,0
DA:34,0
DA:35,0
DA:42,0
DA:44,0
DA:45,0
DA:52,0
DA:54,0
DA:55,0
DA:62,0
DA:64,0
DA:65,0
DA:72,0
DA:74,0
DA:75,0
DA:82,0
DA:84,0
DA:85,0
LF:25
LH:0
BRF:0
BRH:0
end_of_record
TN:
SF:src\modules\pso-streaming\errors\talkbackErrors.ts
FN:13,(anonymous_0)
FN:23,(anonymous_1)
FN:33,(anonymous_2)
FN:43,(anonymous_3)
FNF:4
FNH:0
FNDA:0,(anonymous_0)
FNDA:0,(anonymous_1)
FNDA:0,(anonymous_2)
FNDA:0,(anonymous_3)
DA:7,0
DA:12,0
DA:14,0
DA:15,0
DA:22,0
DA:24,0
DA:25,0
DA:32,0
DA:34,0
DA:35,0
DA:42,0
DA:44,0
DA:45,0
LF:13
LH:0
BRF:0
BRH:0
end_of_record
TN:
SF:src\modules\pso-streaming\hooks\actions\useVideoActions.ts
FN:26,useVideoActions
FN:29,(anonymous_1)
FN:41,(anonymous_2)
FN:64,(anonymous_3)
FNF:4
FNH:0
FNDA:0,useVideoActions
FNDA:0,(anonymous_1)
FNDA:0,(anonymous_2)
FNDA:0,(anonymous_3)
DA:7,0
DA:8,0
DA:9,0
DA:10,0
DA:11,0
DA:12,0
DA:26,0
DA:27,0
DA:28,0
DA:29,0
DA:30,0
DA:31,0
DA:40,0
DA:42,0
DA:43,0
DA:44,0
DA:45,0
DA:47,0
DA:48,0
DA:49,0
DA:63,0
DA:65,0
DA:66,0
DA:67,0
DA:68,0
DA:69,0
DA:71,0
DA:72,0
DA:73,0
DA:79,0
LF:30
LH:0
BRDA:28,0,0,0
BRDA:28,0,1,0
BRDA:47,1,0,0
BRDA:47,1,1,0
BRDA:68,2,0,0
BRDA:68,2,1,0
BRDA:71,3,0,0
BRDA:71,3,1,0
BRF:8
BRH:0
end_of_record
TN:
SF:src\modules\pso-streaming\hooks\audio\useAudioAttachment.ts
FN:26,useAudioAttachment
FN:46,(anonymous_1)
FN:66,(anonymous_2)
FN:93,(anonymous_3)
FN:112,(anonymous_4)
FN:148,(anonymous_5)
FN:173,(anonymous_6)
FN:175,(anonymous_7)
FN:178,(anonymous_8)
FNF:9
FNH:0
FNDA:0,useAudioAttachment
FNDA:0,(anonymous_1)
FNDA:0,(anonymous_2)
FNDA:0,(anonymous_3)
FNDA:0,(anonymous_4)
FNDA:0,(anonymous_5)
FNDA:0,(anonymous_6)
FNDA:0,(anonymous_7)
FNDA:0,(anonymous_8)
DA:11,0
DA:13,0
DA:14,0
DA:26,0
DA:38,0
DA:40,0
DA:45,0
DA:53,0
DA:57,0
DA:65,0
DA:67,0
DA:68,0
DA:69,0
DA:72,0
DA:79,0
DA:80,0
DA:86,0
DA:89,0
DA:90,0
DA:91,0
DA:93,0
DA:112,0
DA:113,0
DA:114,0
DA:115,0
DA:119,0
DA:120,0
DA:121,0
DA:122,0
DA:126,0
DA:127,0
DA:130,0
DA:137,0
DA:138,0
DA:144,0
DA:147,0
DA:148,0
DA:151,0
DA:152,0
DA:153,0
DA:154,0
DA:155,0
DA:156,0
DA:157,0
DA:173,0
DA:174,0
DA:175,0
DA:176,0
DA:178,0
DA:182,0
LF:50
LH:0
BRDA:53,0,0,0
BRDA:53,0,1,0
BRDA:53,0,2,0
BRDA:53,0,3,0
BRDA:57,1,0,0
BRDA:57,1,1,0
BRDA:67,2,0,0
BRDA:79,3,0,0
BRDA:114,4,0,0
BRDA:114,5,0,0
BRDA:114,5,1,0
BRDA:120,6,0,0
BRDA:126,7,0,0
BRDA:137,8,0,0
BRDA:148,9,0,0
BRDA:148,9,1,0
BRDA:148,9,2,0
BRDA:152,10,0,0
BRDA:154,11,0,0
BRDA:154,11,1,0
BRDA:155,12,0,0
BRDA:174,13,0,0
BRF:22
BRH:0
end_of_record
TN:
SF:src\modules\pso-streaming\hooks\audio\useAudioPlay.ts
FN:23,handlePlaybackSuccess
FN:47,handlePlaybackError
FN:62,(anonymous_2)
FN:73,createTryPlayFunction
FN:79,(anonymous_4)
FN:80,(anonymous_5)
FN:94,(anonymous_6)
FN:95,(anonymous_7)
FN:102,useAudioPlay
FN:107,(anonymous_9)
FNF:10
FNH:0
FNDA:0,handlePlaybackSuccess
FNDA:0,handlePlaybackError
FNDA:0,(anonymous_2)
FNDA:0,createTryPlayFunction
FNDA:0,(anonymous_4)
FNDA:0,(anonymous_5)
FNDA:0,(anonymous_6)
FNDA:0,(anonymous_7)
FNDA:0,useAudioPlay
FNDA:0,(anonymous_9)
DA:9,0
DA:10,0
DA:11,0
DA:27,0
DA:28,0
DA:29,0
DA:51,0
DA:52,0
DA:54,0
DA:55,0
DA:56,0
DA:57,0
DA:60,0
DA:61,0
DA:62,0
DA:63,0
DA:66,0
DA:79,0
DA:80,0
DA:81,0
DA:82,0
DA:83,0
DA:84,0
DA:87,0
DA:88,0
DA:89,0
DA:90,0
DA:93,0
DA:94,0
DA:95,0
DA:99,0
DA:102,0
DA:103,0
DA:104,0
DA:106,0
DA:108,0
DA:109,0
DA:112,0
DA:113,0
DA:114,0
DA:119,0
LF:41
LH:0
BRDA:54,0,0,0
BRDA:60,1,0,0
BRDA:60,1,1,0
BRDA:81,2,0,0
BRDA:88,3,0,0
BRDA:102,4,0,0
BRDA:103,5,0,0
BRDA:103,6,0,0
BRDA:108,7,0,0
BRDA:108,8,0,0
BRDA:108,8,1,0
BRF:11
BRH:0
end_of_record
TN:
SF:src\modules\pso-streaming\hooks\audio\constants\audioPlayConstants.ts
FNF:0
FNH:0
DA:12,0
DA:19,0
LF:2
LH:0
BRF:0
BRH:0
end_of_record
TN:
SF:src\modules\pso-streaming\hooks\chat\useChat.ts
FN:23,useChat
FN:36,(anonymous_1)
FNF:2
FNH:0
FNDA:0,useChat
FNDA:0,(anonymous_1)
DA:7,0
DA:8,0
DA:9,0
DA:10,0
DA:23,0
DA:24,0
DA:35,0
DA:37,0
DA:38,0
DA:39,0
DA:40,0
DA:41,0
DA:43,0
DA:44,0
DA:50,0
LF:15
LH:0
BRF:0
BRH:0
end_of_record
TN:
SF:src\modules\pso-streaming\hooks\livekit\useLiveKitRoomConnection.ts
FN:25,useLiveKitRoomConnection
FN:62,(anonymous_1)
FN:71,(anonymous_2)
FN:74,(anonymous_3)
FN:101,(anonymous_4)
FN:132,(anonymous_5)
FN:145,(anonymous_6)
FN:152,(anonymous_7)
FN:158,(anonymous_8)
FN:163,(anonymous_9)
FN:171,(anonymous_10)
FN:192,(anonymous_11)
FN:231,(anonymous_12)
FN:270,(anonymous_13)
FN:274,(anonymous_14)
FN:276,(anonymous_15)
FN:286,(anonymous_16)
FN:296,(anonymous_17)
FN:303,(anonymous_18)
FN:315,(anonymous_19)
FN:347,(anonymous_20)
FN:360,(anonymous_21)
FN:369,(anonymous_22)
FN:372,(anonymous_23)
FN:378,(anonymous_24)
FN:415,(anonymous_25)
FN:424,(anonymous_26)
FN:427,(anonymous_27)
FNF:28
FNH:0
FNDA:0,useLiveKitRoomConnection
FNDA:0,(anonymous_1)
FNDA:0,(anonymous_2)
FNDA:0,(anonymous_3)
FNDA:0,(anonymous_4)
FNDA:0,(anonymous_5)
FNDA:0,(anonymous_6)
FNDA:0,(anonymous_7)
FNDA:0,(anonymous_8)
FNDA:0,(anonymous_9)
FNDA:0,(anonymous_10)
FNDA:0,(anonymous_11)
FNDA:0,(anonymous_12)
FNDA:0,(anonymous_13)
FNDA:0,(anonymous_14)
FNDA:0,(anonymous_15)
FNDA:0,(anonymous_16)
FNDA:0,(anonymous_17)
FNDA:0,(anonymous_18)
FNDA:0,(anonymous_19)
FNDA:0,(anonymous_20)
FNDA:0,(anonymous_21)
FNDA:0,(anonymous_22)
FNDA:0,(anonymous_23)
FNDA:0,(anonymous_24)
FNDA:0,(anonymous_25)
FNDA:0,(anonymous_26)
FNDA:0,(anonymous_27)
DA:8,0
DA:10,0
DA:11,0
DA:12,0
DA:13,0
DA:25,0
DA:36,0
DA:38,0
DA:39,0
DA:40,0
DA:41,0
DA:43,0
DA:44,0
DA:45,0
DA:46,0
DA:47,0
DA:48,0
DA:49,0
DA:51,0
DA:52,0
DA:53,0
DA:54,0
DA:56,0
DA:57,0
DA:58,0
DA:59,0
DA:62,0
DA:63,0
DA:64,0
DA:65,0
DA:66,0
DA:70,0
DA:72,0
DA:73,0
DA:74,0
DA:75,0
DA:77,0
DA:80,0
DA:81,0
DA:82,0
DA:83,0
DA:84,0
DA:86,0
DA:87,0
DA:90,0
DA:91,0
DA:100,0
DA:102,0
DA:103,0
DA:105,0
DA:106,0
DA:110,0
DA:113,0
DA:119,0
DA:120,0
DA:121,0
DA:122,0
DA:124,0
DA:125,0
DA:127,0
DA:128,0
DA:131,0
DA:132,0
DA:133,0
DA:137,0
DA:145,0
DA:146,0
DA:150,0
DA:153,0
DA:154,0
DA:157,0
DA:159,0
DA:160,0
DA:164,0
DA:170,0
DA:172,0
DA:173,0
DA:174,0
DA:181,0
DA:192,0
DA:193,0
DA:194,0
DA:198,0
DA:199,0
DA:200,0
DA:201,0
DA:202,0
DA:203,0
DA:205,0
DA:206,0
DA:209,0
DA:210,0
DA:211,0
DA:212,0
DA:214,0
DA:215,0
DA:216,0
DA:217,0
DA:218,0
DA:221,0
DA:222,0
DA:223,0
DA:224,0
DA:225,0
DA:226,0
DA:231,0
DA:232,0
DA:239,0
DA:240,0
DA:241,0
DA:242,0
DA:243,0
DA:245,0
DA:246,0
DA:248,0
DA:249,0
DA:251,0
DA:252,0
DA:255,0
DA:256,0
DA:258,0
DA:259,0
DA:262,0
DA:263,0
DA:264,0
DA:270,0
DA:271,0
DA:272,0
DA:273,0
DA:274,0
DA:275,0
DA:277,0
DA:278,0
DA:286,0
DA:287,0
DA:288,0
DA:289,0
DA:290,0
DA:296,0
DA:297,0
DA:303,0
DA:304,0
DA:315,0
DA:316,0
DA:323,0
DA:324,0
DA:326,0
DA:327,0
DA:329,0
DA:330,0
DA:333,0
DA:334,0
DA:335,0
DA:336,0
DA:338,0
DA:339,0
DA:342,0
DA:343,0
DA:344,0
DA:345,0
DA:346,0
DA:347,0
DA:348,0
DA:352,0
DA:354,0
DA:358,0
DA:359,0
DA:360,0
DA:361,0
DA:369,0
DA:370,0
DA:371,0
DA:372,0
DA:373,0
DA:378,0
DA:379,0
DA:381,0
DA:382,0
DA:383,0
DA:384,0
DA:388,0
DA:390,0
DA:400,0
DA:401,0
DA:402,0
DA:403,0
DA:406,0
DA:408,0
DA:414,0
DA:415,0
DA:416,0
DA:418,0
DA:419,0
DA:422,0
DA:424,0
DA:425,0
DA:426,0
DA:427,0
DA:428,0
DA:449,0
LF:200
LH:0
BRDA:72,0,0,0
BRDA:72,1,0,0
BRDA:72,1,1,0
BRDA:86,2,0,0
BRDA:102,3,0,0
BRDA:102,3,1,0
BRDA:103,4,0,0
BRDA:103,4,1,0
BRDA:105,5,0,0
BRDA:127,6,0,0
BRDA:131,7,0,0
BRDA:153,8,0,0
BRDA:153,9,0,0
BRDA:153,9,1,0
BRDA:159,10,0,0
BRDA:173,11,0,0
BRDA:173,12,0,0
BRDA:173,12,1,0
BRDA:193,13,0,0
BRDA:193,14,0,0
BRDA:193,14,1,0
BRDA:198,15,0,0
BRDA:202,16,0,0
BRDA:216,17,0,0
BRDA:223,18,0,0
BRDA:223,18,1,0
BRDA:251,19,0,0
BRDA:258,20,0,0
BRDA:271,21,0,0
BRDA:271,22,0,0
BRDA:271,22,1,0
BRDA:271,22,2,0
BRDA:297,23,0,0
BRDA:297,23,1,0
BRDA:297,23,2,0
BRDA:305,24,0,0
BRDA:305,24,1,0
BRDA:305,24,2,0
BRDA:305,24,3,0
BRDA:329,25,0,0
BRDA:342,26,0,0
[...]
BRDA:171,17,1,0
BRDA:190,18,0,27
BRDA:190,18,1,24
BRDA:190,18,2,1
BRDA:198,19,0,27
BRDA:198,19,1,7
BRDA:198,19,2,7
BRDA:234,20,0,27
BRDA:234,20,1,2
BRDA:240,21,0,27
BRDA:240,21,1,17
BRDA:240,22,0,0
BRDA:240,22,1,17
BRF:37
BRH:26
end_of_record
TN:
SF:src\ui-kit\dropdown\hooks\useClickOutside.ts
FN:25,useClickOutside
FN:29,(anonymous_1)
FN:35,(anonymous_2)
FN:43,(anonymous_3)
FNF:4
FNH:4
FNDA:13,useClickOutside
FNDA:13,(anonymous_1)
FNDA:2,(anonymous_2)
FNDA:13,(anonymous_3)
DA:7,2
DA:25,2
DA:29,13
DA:35,13
DA:36,2
DA:37,1
DA:41,13
DA:43,13
DA:44,13
LF:9
LH:9
BRDA:36,0,0,1
BRDA:36,1,0,2
BRDA:36,1,1,2
BRF:3
BRH:3
end_of_record
TN:
SF:src\ui-kit\dropdown\hooks\useClickOutsideMultiple.ts
FN:29,useClickOutsideMultiple
FN:34,(anonymous_1)
FN:44,(anonymous_2)
FN:53,(anonymous_3)
FN:62,(anonymous_4)
FN:74,(anonymous_5)
FNF:6
FNH:6
FNDA:33,useClickOutsideMultiple
FNDA:26,(anonymous_1)
FNDA:4,(anonymous_2)
FNDA:1,(anonymous_3)
FNDA:5,(anonymous_4)
FNDA:15,(anonymous_5)
DA:7,2
DA:29,2
DA:34,33
DA:35,26
DA:36,11
DA:44,15
DA:45,4
DA:49,4
DA:50,4
DA:52,1
DA:53,1
DA:54,1
DA:56,1
DA:57,1
DA:62,3
DA:63,5
DA:66,3
DA:67,1
DA:72,15
DA:74,15
DA:75,15
LF:21
LH:21
BRDA:32,0,0,0
BRDA:35,1,0,11
BRDA:50,2,0,1
BRDA:54,3,0,1
BRDA:54,3,1,0
BRDA:56,4,0,1
BRDA:66,5,0,1
BRF:7
BRH:5
end_of_record
TN:
SF:src\ui-kit\dropdown\hooks\useDropdownState.ts
FN:23,useDropdownState
FN:26,(anonymous_1)
FN:30,(anonymous_2)
FN:34,(anonymous_3)
FN:35,(anonymous_4)
FNF:5
FNH:5
FNDA:36,useDropdownState
FNDA:11,(anonymous_1)
FNDA:2,(anonymous_2)
FNDA:2,(anonymous_3)
FNDA:2,(anonymous_4)
DA:7,2
DA:23,2
DA:24,36
DA:26,36
DA:27,11
DA:30,36
DA:31,2
DA:34,36
DA:35,2
DA:38,36
LF:10
LH:10
BRDA:23,0,0,1
BRF:1
BRH:1
end_of_record
TN:
SF:src\ui-kit\dropdown\hooks\useFilteredOptions.ts
FN:30,useFilteredOptions
FN:35,(anonymous_1)
FN:41,(anonymous_2)
FNF:3
FNH:3
FNDA:32,useFilteredOptions
FNDA:18,(anonymous_1)
FNDA:48,(anonymous_2)
DA:7,2
DA:30,2
DA:35,32
DA:36,18
DA:37,2
DA:40,16
DA:41,48
LF:7
LH:7
BRDA:33,0,0,0
BRDA:36,1,0,2
BRF:2
BRH:1
end_of_record
TN:
SF:src\ui-kit\dropdown\hooks\useMultiSelect.ts
FN:36,useMultiSelect
FN:43,(anonymous_1)
FN:45,(anonymous_2)
FN:57,(anonymous_3)
FN:65,(anonymous_4)
FN:74,(anonymous_5)
FNF:6
FNH:6
FNDA:34,useMultiSelect
FNDA:4,(anonymous_1)
FNDA:2,(anonymous_2)
FNDA:2,(anonymous_3)
FNDA:3,(anonymous_4)
FNDA:2,(anonymous_5)
DA:7,2
DA:36,2
DA:42,34
DA:44,4
DA:45,2
DA:47,3
DA:50,4
DA:51,1
DA:57,34
DA:58,2
DA:59,2
DA:60,2
DA:64,34
DA:67,3
DA:68,3
DA:73,34
DA:75,2
DA:80,34
LF:18
LH:18
BRDA:39,0,0,0
BRDA:44,1,0,1
BRDA:44,1,1,3
BRDA:50,2,0,1
BRDA:50,3,0,4
BRDA:50,3,1,1
BRDA:59,4,0,2
BRF:7
BRH:6
end_of_record
TN:
SF:src\ui-kit\dropdown\hooks\usePortalPosition.ts
FN:35,usePortalPosition
FN:42,(anonymous_1)
FNF:2
FNH:2
FNDA:32,usePortalPosition
FNDA:21,(anonymous_1)
DA:7,2
DA:35,2
DA:40,32
DA:42,32
DA:43,21
DA:44,20
DA:45,20
DA:48,1
DA:49,1
DA:56,32
LF:10
LH:10
BRDA:43,0,0,20
BRDA:43,1,0,21
BRDA:43,1,1,3
BRDA:43,1,2,2
BRF:4
BRH:4
end_of_record
TN:
SF:src\ui-kit\feedback\Loading.tsx
FN:23,(anonymous_1)
FNF:1
FNH:1
FNDA:4,(anonymous_1)
DA:9,6
DA:23,6
DA:27,4
LF:3
LH:3
BRDA:25,0,0,3
BRF:1
BRH:1
end_of_record
TN:
SF:src\ui-kit\feedback\Toast.tsx
FN:56,(anonymous_1)
FNF:1
FNH:1
FNDA:6,(anonymous_1)
DA:8,6
DA:15,6
DA:36,6
DA:56,6
DA:57,6
LF:5
LH:5
BRF:0
BRH:0
end_of_record
TN:
SF:src\ui-kit\feedback\ToastContext.tsx
FN:33,(anonymous_9)
FN:40,(anonymous_10)
FN:41,(anonymous_11)
FN:41,(anonymous_12)
FN:45,(anonymous_13)
FN:47,(anonymous_14)
FN:48,(anonymous_15)
FN:55,(anonymous_16)
FN:61,(anonymous_17)
FN:84,(anonymous_18)
FNF:10
FNH:10
FNDA:15,(anonymous_9)
FNDA:9,(anonymous_10)
FNDA:2,(anonymous_11)
FNDA:2,(anonymous_12)
FNDA:9,(anonymous_13)
FNDA:9,(anonymous_14)
FNDA:9,(anonymous_15)
FNDA:7,(anonymous_16)
FNDA:9,(anonymous_17)
FNDA:10,(anonymous_18)
DA:8,6
DA:15,6
DA:17,6
DA:22,6
DA:33,6
DA:34,15
DA:40,15
DA:41,9
DA:44,15
DA:46,9
DA:47,9
DA:48,9
DA:49,9
DA:55,15
DA:57,15
DA:62,9
DA:84,6
DA:85,10
DA:86,9
DA:87,2
DA:92,7
LF:21
LH:21
BRDA:45,0,0,0
BRDA:45,1,0,8
BRDA:86,2,0,2
BRF:3
BRH:2
end_of_record
TN:
SF:src\ui-kit\icon-with-label\IconWithLabel.tsx
FN:31,(anonymous_1)
FNF:1
FNH:1
FNDA:10,(anonymous_1)
DA:7,1
DA:31,1
DA:41,10
DA:45,10
LF:4
LH:4
BRDA:33,0,0,9
BRDA:34,1,0,9
BRDA:35,2,0,9
BRDA:36,3,0,8
BRDA:37,4,0,9
BRDA:41,5,0,1
BRDA:41,5,1,9
BRF:7
BRH:7
end_of_record
TN:
SF:src\ui-kit\icons\CancelIcon.tsx
FN:20,(anonymous_1)
FNF:1
FNH:1
FNDA:4,(anonymous_1)
DA:8,6
DA:20,6
DA:23,4
LF:3
LH:3
BRDA:21,0,0,3
BRF:1
BRH:1
end_of_record
TN:
SF:src\ui-kit\icons\ChatIcon.tsx
FN:18,(anonymous_1)
FNF:1
FNH:1
FNDA:5,(anonymous_1)
DA:7,6
DA:18,6
DA:19,5
LF:3
LH:3
BRDA:18,0,0,4
BRF:1
BRH:1
end_of_record
TN:
SF:src\ui-kit\icons\OfflineIcon.tsx
FN:23,(anonymous_1)
FNF:1
FNH:1
FNDA:5,(anonymous_1)
DA:6,6
DA:23,6
DA:24,5
LF:3
LH:3
BRDA:23,0,0,4
BRF:1
BRH:1
end_of_record
TN:
SF:src\ui-kit\icons\PlusIcon.tsx
FN:20,(anonymous_1)
FNF:1
FNH:1
FNDA:4,(anonymous_1)
DA:8,6
DA:20,6
DA:23,4
LF:3
LH:3
BRDA:21,0,0,3
BRF:1
BRH:1
end_of_record
TN:
SF:src\ui-kit\icons\RefreshIcon.tsx
FN:32,(anonymous_1)
FNF:1
FNH:1
FNDA:5,(anonymous_1)
DA:8,6
DA:32,6
DA:36,5
LF:3
LH:3
BRDA:33,0,0,4
BRDA:34,1,0,4
BRF:2
BRH:2
end_of_record
TN:
SF:src\ui-kit\icons\SignInIcon.tsx
FN:21,(anonymous_1)
FNF:1
FNH:1
FNDA:5,(anonymous_1)
DA:8,6
DA:21,6
DA:22,5
LF:3
LH:3
BRDA:21,0,0,4
BRDA:21,1,0,4
BRF:2
BRH:2
end_of_record
TN:
SF:src\ui-kit\icons\SignOutIcon.tsx
FN:21,(anonymous_1)
FNF:1
FNH:1
FNDA:5,(anonymous_1)
DA:8,6
DA:21,6
DA:22,5
LF:3
LH:3
BRDA:21,0,0,4
BRDA:21,1,0,4
BRF:2
BRH:2
end_of_record
TN:
SF:src\ui-kit\icons\TrashIcon.tsx
FN:21,(anonymous_1)
FNF:1
FNH:1
FNDA:5,(anonymous_1)
DA:8,6
DA:21,6
DA:22,5
LF:3
LH:3
BRDA:21,0,0,4
BRDA:21,1,0,4
BRF:2
BRH:2
end_of_record
TN:
SF:src\ui-kit\layout\Header.tsx
FN:23,(anonymous_1)
FN:24,(anonymous_2)
FN:27,(anonymous_3)
FNF:3
FNH:3
FNDA:7,(anonymous_1)
FNDA:7,(anonymous_2)
FNDA:7,(anonymous_3)
DA:8,6
DA:9,6
DA:10,6
DA:11,6
DA:23,6
DA:24,7
DA:25,7
DA:27,7
DA:28,7
DA:29,1
DA:32,6
DA:33,1
DA:36,5
DA:37,2
DA:51,3
DA:54,7
LF:16
LH:16
BRDA:28,0,0,1
BRDA:32,1,0,1
BRDA:36,2,0,2
BRDA:40,3,0,2
BRDA:40,3,1,1
BRF:5
BRH:5
end_of_record
TN:
SF:src\ui-kit\layout\IconWithLabel.tsx
FN:26,(anonymous_1)
FNF:1
FNH:0
FNDA:0,(anonymous_1)
DA:8,5
DA:26,5
DA:36,0
DA:43,0
DA:57,5
LF:5
LH:3
BRDA:28,0,0,0
BRDA:29,1,0,0
BRDA:30,2,0,0
BRDA:31,3,0,0
BRDA:32,4,0,0
BRDA:38,5,0,0
BRDA:38,5,1,0
BRF:7
BRH:0
end_of_record
TN:
SF:src\ui-kit\modals\BaseModal.tsx
FN:34,(anonymous_9)
FN:53,(anonymous_10)
FN:69,(anonymous_11)
FN:84,(anonymous_12)
FN:92,(anonymous_13)
FN:100,(anonymous_14)
FN:111,(anonymous_15)
FN:133,(anonymous_16)
FN:136,(anonymous_17)
FN:143,(anonymous_18)
FN:156,(anonymous_19)
FN:168,(anonymous_20)
FN:178,(anonymous_21)
FNF:13
FNH:9
FNDA:24,(anonymous_9)
FNDA:13,(anonymous_10)
FNDA:0,(anonymous_11)
FNDA:0,(anonymous_12)
FNDA:0,(anonymous_13)
FNDA:13,(anonymous_14)
FNDA:7,(anonymous_15)
FNDA:13,(anonymous_16)
FNDA:1,(anonymous_17)
FNDA:11,(anonymous_18)
FNDA:3,(anonymous_19)
FNDA:22,(anonymous_20)
FNDA:0,(anonymous_21)
DA:15,5
DA:16,5
DA:34,5
DA:45,24
DA:46,24
DA:47,24
DA:48,24
DA:53,24
DA:54,13
DA:55,11
DA:56,11
DA:57,11
DA:58,11
DA:69,24
DA:70,0
DA:71,0
DA:72,0
DA:73,0
DA:74,0
DA:75,0
DA:76,0
DA:84,24
DA:85,0
DA:86,0
DA:92,24
DA:93,0
DA:94,0
DA:100,24
DA:101,13
DA:103,7
DA:104,0
DA:105,0
DA:107,7
DA:108,7
DA:111,7
DA:112,7
DA:113,7
DA:118,24
DA:130,24
DA:133,24
DA:134,13
DA:136,11
DA:137,1
DA:138,1
DA:142,11
DA:143,11
DA:144,11
DA:148,24
DA:151,22
DA:158,3
DA:159,1
DA:169,22
DA:170,10
DA:172,12
DA:173,2
DA:179,0
DA:180,0
DA:189,10
DA:197,22
LF:59
LH:44
BRDA:38,0,0,11
BRDA:40,1,0,13
BRDA:43,2,0,24
BRDA:54,3,0,2
BRDA:56,4,0,0
BRDA:70,5,0,0
BRDA:70,6,0,0
BRDA:70,6,1,0
BRDA:72,7,0,0
BRDA:85,8,0,0
BRDA:85,9,0,0
BRDA:85,9,1,0
BRDA:101,10,0,6
BRDA:103,11,0,0
BRDA:103,11,1,7
BRDA:130,12,0,24
BRDA:130,12,1,24
BRDA:130,13,0,24
BRDA:130,13,1,11
BRDA:134,14,0,2
BRDA:137,15,0,1
BRDA:148,16,0,2
BRDA:158,17,0,1
BRDA:166,18,0,0
BRDA:166,18,1,22
BRDA:169,19,0,10
BRDA:172,20,0,2
BRDA:179,21,0,0
BRDA:179,22,0,0
BRDA:179,22,1,0
BRF:30
BRH:17
end_of_record
TN:
SF:src\ui-kit\modals\ConfirmModal.tsx
FN:22,(anonymous_1)
FNF:1
FNH:1
FNDA:6,(anonymous_1)
DA:8,6
DA:10,6
DA:11,6
DA:22,6
DA:35,6
LF:5
LH:5
BRDA:30,0,0,5
BRDA:31,1,0,5
BRDA:32,2,0,5
BRDA:33,3,0,6
BRDA:60,4,0,6
BRDA:60,4,1,0
BRF:6
BRH:5
end_of_record
TN:
SF:src\ui-kit\modals\DetailsModal.tsx
FN:23,(anonymous_1)
FNF:1
FNH:1
FNDA:7,(anonymous_1)
DA:8,5
DA:10,5
DA:11,5
DA:23,5
DA:34,7
LF:5
LH:5
BRDA:31,0,0,6
BRDA:32,1,0,6
BRF:2
BRH:2
end_of_record
TN:
SF:src\ui-kit\modals\FormModal.tsx
FN:22,(anonymous_1)
FNF:1
FNH:1
FNDA:10,(anonymous_1)
DA:8,6
DA:10,6
DA:11,6
DA:22,6
DA:38,10
LF:5
LH:5
BRDA:30,0,0,9
BRDA:31,1,0,9
BRDA:32,2,0,8
BRDA:33,3,0,9
BRDA:34,4,0,9
BRDA:35,5,0,10
BRDA:36,6,0,9
BRDA:58,7,0,10
BRDA:58,7,1,9
BRF:9
BRH:9
end_of_record
TN:
SF:src\ui-kit\modals\PreviewModal.tsx
FN:22,(anonymous_1)
FNF:1
FNH:1
FNDA:7,(anonymous_1)
DA:8,5
DA:10,5
DA:11,5
DA:22,5
DA:32,7
LF:5
LH:5
BRDA:29,0,0,6
BRDA:30,1,0,6
BRF:2
BRH:2
end_of_record
TN:
SF:src\ui-kit\modals\components\ModalBody.tsx
FN:23,(anonymous_1)
FNF:1
FNH:1
FNDA:10,(anonymous_1)
DA:7,4
DA:9,4
DA:23,4
DA:32,10
LF:4
LH:4
BRDA:25,0,0,8
BRDA:26,1,0,9
BRDA:27,2,0,9
BRDA:28,3,0,9
BRDA:29,4,0,9
BRDA:30,5,0,9
BRDA:33,6,0,10
BRDA:33,6,1,1
BRDA:40,7,0,9
BRDA:40,7,1,1
BRF:10
BRH:10
end_of_record
TN:
SF:src\ui-kit\modals\components\ModalFooter.tsx
FN:23,(anonymous_1)
FNF:1
FNH:1
FNDA:10,(anonymous_1)
DA:7,6
DA:9,6
DA:23,6
DA:32,10
LF:4
LH:4
BRDA:26,0,0,9
BRDA:28,1,0,9
BRDA:29,2,0,9
BRDA:33,3,0,10
BRDA:33,3,1,4
BRDA:33,3,2,4
BRDA:33,3,3,4
BRF:7
BRH:7
end_of_record
TN:
SF:src\ui-kit\modals\components\ModalHeader.tsx
FN:23,(anonymous_1)
FN:37,(anonymous_2)
FNF:2
FNH:1
FNDA:8,(anonymous_1)
FNDA:0,(anonymous_2)
DA:7,4
DA:9,4
DA:23,4
DA:32,8
DA:38,0
DA:39,0
LF:6
LH:4
BRDA:29,0,0,5
BRDA:32,1,0,7
BRDA:32,1,1,1
BRDA:38,2,0,0
BRDA:38,3,0,0
BRDA:38,3,1,0
BRDA:45,4,0,7
BRDA:45,4,1,1
BRDA:46,5,0,6
BRDA:46,5,1,1
BRDA:63,6,0,1
BRDA:63,6,1,0
BRDA:64,7,0,1
BRDA:64,7,1,0
BRF:14
BRH:9
end_of_record
TN:
SF:src\ui-kit\navigation\EmailProtectedRoute.tsx
FN:40,(anonymous_1)
FNF:1
FNH:1
FNDA:13,(anonymous_1)
DA:12,1
DA:13,1
DA:14,1
DA:15,1
DA:40,1
DA:44,13
DA:45,13
DA:48,13
DA:49,2
DA:53,11
DA:54,1
DA:58,10
DA:59,1
DA:68,9
DA:69,9
DA:70,9
DA:72,9
DA:74,7
DA:75,1
DA:77,6
DA:82,4
DA:84,2
DA:85,1
DA:87,1
DA:91,2
LF:25
LH:25
BRDA:48,0,0,2
BRDA:48,1,0,13
BRDA:48,1,1,12
BRDA:53,2,0,1
BRDA:53,3,0,11
BRDA:53,3,1,2
BRDA:58,4,0,1
BRDA:58,5,0,10
BRDA:58,5,1,9
BRDA:68,6,0,9
BRDA:68,6,1,1
BRDA:72,7,0,7
BRDA:74,8,0,1
BRDA:77,9,0,4
BRDA:78,10,0,6
BRDA:78,10,1,4
BRDA:78,10,2,3
BRDA:84,11,0,1
BRF:18
BRH:18
end_of_record
TN:
SF:src\ui-kit\navigation\RoleProtectedRoute.tsx
FN:41,(anonymous_1)
FNF:1
FNH:1
FNDA:14,(anonymous_1)
DA:12,1
DA:13,1
DA:14,1
DA:15,1
DA:16,1
DA:41,1
DA:45,14
DA:46,14
DA:49,14
DA:50,2
DA:54,12
DA:55,1
DA:59,11
DA:60,1
DA:69,10
DA:70,10
DA:71,2
DA:74,8
DA:76,8
DA:78,6
DA:79,2
DA:81,4
DA:86,3
DA:88,1
DA:89,1
DA:91,0
DA:95,2
LF:27
LH:26
BRDA:49,0,0,2
BRDA:49,1,0,14
BRDA:49,1,1,13
BRDA:54,2,0,1
BRDA:54,3,0,12
BRDA:54,3,1,2
BRDA:59,4,0,1
BRDA:59,5,0,11
BRDA:59,5,1,10
BRDA:70,6,0,2
BRDA:76,7,0,6
BRDA:78,8,0,2
BRDA:81,9,0,3
BRDA:82,10,0,4
BRDA:82,10,1,3
BRDA:82,10,2,2
BRDA:88,11,0,1
BRF:17
BRH:17
end_of_record
TN:
SF:src\ui-kit\tables\DataTable.tsx
FN:65,DataTable
FN:103,(anonymous_10)
FN:128,(anonymous_11)
FN:135,(anonymous_12)
FN:160,(anonymous_13)
FN:176,(anonymous_14)
FN:191,(anonymous_15)
FN:202,(anonymous_16)
FN:217,(anonymous_17)
FN:239,(anonymous_18)
FN:257,(anonymous_19)
FN:269,(anonymous_20)
FN:283,(anonymous_21)
FNF:13
FNH:11
FNDA:46,DataTable
FNDA:1,(anonymous_10)
FNDA:16,(anonymous_11)
FNDA:13,(anonymous_12)
FNDA:44,(anonymous_13)
FNDA:0,(anonymous_14)
FNDA:1,(anonymous_15)
FNDA:0,(anonymous_16)
FNDA:2,(anonymous_17)
FNDA:42,(anonymous_18)
FNDA:28,(anonymous_19)
FNDA:28,(anonymous_20)
FNDA:30,(anonymous_21)
DA:13,2
DA:14,2
DA:15,2
DA:17,2
DA:18,2
DA:65,2
DA:86,46
DA:88,46
DA:89,46
DA:90,46
DA:91,46
DA:103,46
DA:104,1
DA:109,1
DA:128,46
DA:129,16
DA:130,16
DA:131,16
DA:132,14
DA:135,14
DA:139,1
DA:146,15
DA:160,46
DA:170,44
DA:175,44
DA:176,15
DA:191,46
DA:192,1
DA:195,1
DA:196,1
DA:198,1
DA:201,1
DA:202,1
DA:217,46
DA:218,2
DA:219,2
DA:221,2
DA:223,1
DA:226,1
DA:239,46
DA:240,42
DA:243,42
DA:244,3
DA:248,42
DA:249,1
DA:252,42
DA:257,46
DA:260,28
DA:261,28
DA:262,3
DA:265,25
DA:269,46
DA:270,28
DA:271,0
DA:283,46
DA:284,30
DA:286,4
DA:290,26
DA:291,26
DA:294,46
LF:60
LH:59
BRDA:70,0,0,32
BRDA:71,1,0,41
BRDA:77,2,0,46
BRDA:82,3,0,38
BRDA:83,4,0,41
BRDA:109,5,0,1
BRDA:109,5,1,1
BRDA:109,5,2,1
BRDA:170,6,0,44
BRDA:170,6,1,31
BRDA:170,6,2,16
BRDA:170,6,3,15
BRDA:175,7,0,15
BRDA:195,8,0,1
BRDA:201,9,0,1
BRDA:221,10,0,1
BRDA:221,10,1,1
BRDA:243,11,0,3
BRDA:248,12,0,1
BRDA:248,13,0,42
BRDA:248,13,1,42
BRDA:248,13,2,37
BRDA:260,14,0,28
BRDA:260,14,1,26
BRDA:260,14,2,26
BRDA:260,14,3,21
BRDA:261,15,0,3
BRDA:265,16,0,25
BRDA:265,16,1,1
BRDA:270,17,0,0
BRDA:270,18,0,28
BRDA:270,18,1,0
BRDA:284,19,0,4
BRDA:299,20,0,46
BRDA:299,20,1,43
BRDA:299,20,2,43
BRDA:299,20,3,43
BRDA:302,21,0,43
BRDA:302,21,1,40
BRDA:312,22,0,46
BRDA:312,22,1,43
BRDA:312,22,2,3
BRDA:312,22,3,3
BRDA:315,23,0,3
BRDA:315,23,1,3
BRDA:328,24,0,46
BRDA:328,24,1,46
BRDA:329,25,0,0
BRDA:329,25,1,46
BRDA:336,26,0,46
BRDA:336,26,1,39
BRDA:341,27,0,39
BRDA:341,27,1,1
BRDA:344,28,0,39
BRDA:344,28,1,39
BRF:55
BRH:52
end_of_record
TN:
SF:src\ui-kit\tables\TableComponent.tsx
FN:27,TableComponent
FN:63,(anonymous_2)
FNF:2
FNH:1
FNDA:9,TableComponent
FNDA:0,(anonymous_2)
DA:8,2
DA:10,2
DA:11,2
DA:12,2
DA:27,2
DA:53,9
DA:62,9
DA:63,9
DA:64,9
DA:66,9
LF:10
LH:10
BRDA:31,0,0,8
BRDA:32,1,0,9
BRDA:34,2,0,9
BRDA:35,3,0,7
BRDA:36,4,0,7
BRDA:37,5,0,9
BRDA:38,6,0,6
BRDA:39,7,0,8
BRDA:63,8,0,9
BRDA:63,9,0,0
BRDA:63,9,1,0
BRDA:63,10,0,9
BRDA:63,10,1,9
BRDA:67,11,0,1
BRDA:67,11,1,8
BRDA:68,12,0,9
BRDA:68,12,1,2
BRDA:77,13,0,1
BRDA:77,13,1,8
BRDA:77,14,0,1
BRDA:77,14,1,8
BRDA:100,15,0,9
BRDA:100,15,1,1
BRF:23
BRH:21
end_of_record
TN:
SF:src\ui-kit\tables\TablePagination.tsx
FN:23,(anonymous_1)
FN:31,(anonymous_2)
FN:37,(anonymous_3)
FNF:3
FNH:3
FNDA:8,(anonymous_1)
FNDA:1,(anonymous_2)
FNDA:1,(anonymous_3)
DA:8,2
DA:10,2
DA:23,2
DA:31,8
DA:32,1
DA:33,1
DA:37,8
DA:38,1
DA:39,1
DA:43,8
LF:10
LH:10
BRDA:29,0,0,7
BRDA:32,1,0,1
BRDA:32,2,0,1
BRDA:32,2,1,1
BRDA:38,3,0,1
BRDA:38,4,0,1
BRDA:38,4,1,1
BRDA:48,5,0,8
BRDA:48,5,1,7
BRDA:60,6,0,8
BRDA:60,6,1,7
BRF:11
BRH:11
end_of_record
TN:
SF:src\ui-kit\tables\components\PaginationButton.tsx
FN:20,(anonymous_1)
FNF:1
FNH:1
FNDA:6,(anonymous_1)
DA:8,3
DA:20,3
DA:25,6
LF:3
LH:3
BRDA:23,0,0,3
BRF:1
BRH:1
end_of_record
TN:
SF:src\ui-kit\tables\components\TableBody.tsx
FN:21,TableBody
FN:48,(anonymous_1)
FNF:2
FNH:2
FNDA:6,TableBody
FNDA:2,(anonymous_1)
DA:8,2
DA:9,2
DA:21,2
DA:31,6
DA:32,2
DA:46,4
DA:49,2
DA:50,2
LF:8
LH:8
BRDA:31,0,0,2
BRDA:36,1,0,0
BRDA:36,1,1,2
BRDA:62,2,0,4
BRDA:62,2,1,3
BRDA:62,2,2,3
BRDA:65,3,0,1
BRDA:65,3,1,2
BRF:8
BRH:7
end_of_record
TN:
SF:src\ui-kit\tables\components\TableCell.tsx
FN:20,TableCell
FNF:1
FNH:1
FNDA:6,TableCell
DA:8,3
DA:20,3
DA:27,6
DA:29,6
LF:4
LH:4
BRDA:31,0,0,1
BRDA:31,0,1,5
BRDA:31,1,0,6
BRDA:31,1,1,5
BRF:4
BRH:4
end_of_record
TN:
SF:src\ui-kit\tables\components\TableCheckbox.tsx
FN:21,(anonymous_9)
FN:29,(anonymous_10)
FN:35,(anonymous_11)
FNF:3
FNH:3
FNDA:26,(anonymous_9)
FNDA:24,(anonymous_10)
FNDA:2,(anonymous_11)
DA:8,3
DA:21,3
DA:27,26
DA:29,26
DA:30,24
DA:31,24
DA:35,26
DA:36,2
DA:39,26
LF:9
LH:9
BRDA:23,0,0,25
BRDA:25,1,0,25
BRDA:30,2,0,24
BRF:3
BRH:3
end_of_record
TN:
SF:src\ui-kit\tables\components\TableHeader.tsx
FN:20,TableHeader
FN:44,(anonymous_2)
FNF:2
FNH:2
FNDA:8,TableHeader
FNDA:16,(anonymous_2)
DA:7,2
DA:9,2
DA:20,2
DA:28,8
DA:30,8
DA:45,16
DA:46,16
LF:7
LH:7
BRDA:33,0,0,8
BRDA:33,0,1,4
BRDA:56,1,0,8
BRDA:56,1,1,8
BRDA:48,2,0,16
BRDA:48,2,1,0
BRF:6
BRH:5
end_of_record
TN:
SF:src\ui-kit\tables\components\TableRow.tsx
FN:20,TableRow
FN:29,(anonymous_1)
FN:40,(anonymous_2)
FN:45,(anonymous_3)
FNF:4
FNH:3
FNDA:7,TableRow
FNDA:0,(anonymous_1)
FNDA:1,(anonymous_2)
FNDA:14,(anonymous_3)
DA:8,3
DA:9,3
DA:20,3
DA:28,7
DA:29,7
DA:31,7
DA:40,1
DA:46,14
LF:8
LH:8
BRDA:29,0,0,4
BRDA:29,1,0,4
BRDA:29,2,0,7
BRDA:29,2,1,4
BRDA:33,3,0,1
BRDA:33,3,1,6
BRDA:35,4,0,7
BRDA:35,4,1,3
BRDA:47,5,0,14
BRDA:47,5,1,0
BRF:10
BRH:9
end_of_record
TN:
SF:src\ui-kit\tables\components\TableSearchInput.tsx
FN:19,(anonymous_1)
FN:31,(anonymous_2)
FNF:2
FNH:2
FNDA:6,(anonymous_1)
FNDA:1,(anonymous_2)
DA:7,2
DA:19,2
DA:25,6
DA:31,1
LF:4
LH:4
BRDA:22,0,0,5
BRDA:26,1,0,1
BRDA:26,1,1,5
BRF:3
BRH:3
end_of_record
TN:
SF:src\ui-kit\tables\hooks\useTableData.ts
FN:20,useTableData
FN:38,(anonymous_1)
FN:39,(anonymous_2)
FN:43,(anonymous_3)
FN:48,(anonymous_4)
FN:49,(anonymous_5)
FN:68,(anonymous_6)
FN:81,(anonymous_7)
FN:89,(anonymous_8)
FN:94,(anonymous_9)
FN:101,(anonymous_10)
FN:102,(anonymous_11)
FN:107,(anonymous_12)
FN:108,(anonymous_13)
FN:112,(anonymous_14)
FN:113,(anonymous_15)
FN:117,(anonymous_16)
FNF:17
FNH:16
FNDA:17,useTableData
FNDA:0,(anonymous_1)
FNDA:8,(anonymous_2)
FNDA:14,(anonymous_3)
FNDA:6,(anonymous_4)
FNDA:10,(anonymous_5)
FNDA:17,(anonymous_6)
FNDA:14,(anonymous_7)
FNDA:2,(anonymous_8)
FNDA:14,(anonymous_9)
FNDA:17,(anonymous_10)
FNDA:8,(anonymous_11)
FNDA:17,(anonymous_12)
FNDA:6,(anonymous_13)
FNDA:17,(anonymous_14)
FNDA:6,(anonymous_15)
FNDA:1,(anonymous_16)
DA:7,2
DA:9,2
DA:20,2
DA:30,17
DA:32,17
DA:33,17
DA:35,17
DA:39,8
DA:40,17
DA:43,17
DA:44,14
DA:45,12
DA:47,2
DA:48,2
DA:49,6
DA:50,10
DA:51,0
DA:53,10
DA:57,10
DA:58,0
DA:61,10
DA:62,10
DA:68,17
DA:69,17
DA:70,9
DA:72,8
DA:73,8
DA:74,8
DA:78,17
DA:81,17
DA:82,14
DA:83,9
DA:85,5
DA:89,17
DA:90,2
DA:94,17
DA:95,14
DA:96,1
DA:101,17
DA:102,17
DA:107,17
DA:108,17
DA:112,17
DA:113,17
DA:117,17
DA:118,1
DA:119,1
DA:123,17
LF:48
LH:46
BRDA:37,0,0,13
BRDA:38,1,0,13
BRDA:39,2,0,17
BRDA:39,3,0,8
BRDA:39,3,1,0
BRDA:40,4,0,17
BRDA:40,4,1,13
BRDA:44,5,0,12
BRDA:44,6,0,14
BRDA:44,6,1,4
BRDA:50,7,0,0
BRDA:53,8,0,10
BRDA:53,8,1,0
BRDA:57,9,0,0
BRDA:69,10,0,9
BRDA:78,11,0,8
BRDA:78,11,1,9
BRDA:82,12,0,9
BRDA:95,13,0,1
BRDA:95,14,0,14
BRDA:95,14,1,5
BRDA:102,15,0,4
BRDA:102,15,1,13
BRDA:108,16,0,17
BRDA:108,16,1,4
BRDA:108,16,2,4
BRDA:113,17,0,17
BRDA:113,17,1,4
BRDA:113,17,2,2
BRDA:118,18,0,1
BRF:30
BRH:26
end_of_record
TN:
SF:src\ui-kit\tables\utils\cellUtils.ts
FN:22,formatCellValue
FN:59,cellValueToString
FN:97,getCellValue
FN:124,renderCellContent
FNF:4
FNH:4
FNDA:12,formatCellValue
FNDA:33,cellValueToString
FNDA:6,getCellValue
FNDA:4,renderCellContent
DA:22,5
DA:23,12
DA:24,3
DA:26,9
DA:27,2
DA:29,7
DA:30,2
DA:31,2
DA:33,1
DA:36,5
DA:37,3
DA:39,2
DA:40,1
DA:42,1
DA:43,1
DA:47,0
DA:59,5
DA:60,33
DA:61,2
DA:63,31
DA:64,29
DA:66,2
DA:67,1
DA:68,1
DA:70,0
DA:73,1
DA:74,1
DA:76,0
DA:77,0
DA:79,0
DA:80,0
DA:84,0
DA:97,5
DA:98,6
DA:99,1
DA:102,5
DA:103,0
DA:106,5
DA:107,3
DA:110,2
DA:124,5
DA:125,4
DA:126,1
DA:129,3
DA:130,1
DA:133,2
DA:134,2
LF:47
LH:39
BRDA:23,0,0,3
BRDA:26,1,0,2
BRDA:29,2,0,2
BRDA:36,3,0,3
BRDA:36,4,0,5
BRDA:36,4,1,4
BRDA:36,4,2,2
BRDA:39,5,0,1
BRDA:42,6,0,1
BRDA:60,7,0,2
BRDA:63,8,0,29
BRDA:66,9,0,1
BRDA:73,10,0,1
BRDA:73,11,0,1
BRDA:73,11,1,0
BRDA:73,11,2,0
BRDA:76,12,0,0
BRDA:79,13,0,0
BRDA:98,14,0,1
BRDA:102,15,0,0
BRDA:106,16,0,3
BRDA:125,17,0,1
BRDA:129,18,0,1
BRF:23
BRH:18
end_of_record
TN:
SF:src\ui-kit\tables\utils\tableUtils.ts
FN:30,filterTableData
FN:41,(anonymous_1)
FN:42,(anonymous_2)
FN:83,mergeDataWithoutDuplicates
FN:87,(anonymous_4)
FN:89,(anonymous_5)
FN:114,calculatePageIndices
FNF:7
FNH:7
FNDA:9,filterTableData
FNDA:19,(anonymous_1)
FNDA:32,(anonymous_2)
FNDA:17,mergeDataWithoutDuplicates
FNDA:5,(anonymous_4)
FNDA:26,(anonymous_5)
FNDA:32,calculatePageIndices
DA:10,3
DA:30,3
DA:35,9
DA:36,2
DA:39,7
DA:41,7
DA:42,19
DA:43,32
DA:44,3
DA:47,29
DA:51,29
DA:52,1
DA:55,28
DA:56,28
DA:83,3
DA:87,17
DA:89,17
DA:90,26
DA:91,26
DA:94,17
DA:114,3
DA:118,32
DA:119,32
DA:121,32
LF:24
LH:24
BRDA:35,0,0,2
BRDA:43,1,0,3
BRDA:47,2,0,29
BRDA:47,2,1,0
BRDA:51,3,0,1
BRDA:87,4,0,5
BRDA:87,4,1,1
BRDA:90,5,0,26
BRDA:90,5,1,1
BRF:9
BRH:8
end_of_record
