TN:
SF:src\app\layouts\DashboardLayout.tsx
FN:26,(anonymous_1)
FNF:1
FNH:1
FNDA:6,(anonymous_1)
DA:9,1
DA:10,1
DA:11,1
DA:12,1
DA:13,1
DA:26,1
DA:27,6
DA:28,6
DA:30,6
LF:9
LH:9
BRDA:42,0,0,2
BRDA:42,0,1,4
BRF:2
BRH:2
end_of_record
TN:
SF:src\app\providers\WebSocketProvider.tsx
FN:34,(anonymous_0)
FN:35,(anonymous_1)
FNF:2
FNH:2
FNDA:4,(anonymous_0)
FNDA:3,(anonymous_1)
DA:7,1
DA:8,1
DA:9,1
DA:10,1
DA:14,1
DA:34,1
DA:35,4
DA:36,3
DA:39,3
DA:42,3
DA:43,3
DA:45,3
DA:48,4
LF:13
LH:13
BRF:0
BRH:0
end_of_record
TN:
SF:src\app\routing\AppRouter.tsx
FN:41,TokenInjector
FN:44,(anonymous_10)
FN:61,AppProviders
FN:118,(anonymous_12)
FNF:4
FNH:4
FNDA:4,TokenInjector
FNDA:4,(anonymous_10)
FNDA:4,AppProviders
FNDA:4,(anonymous_12)
DA:18,1
DA:19,1
DA:20,1
DA:21,1
DA:22,1
DA:23,1
DA:24,1
DA:25,1
DA:26,1
DA:27,1
DA:28,1
DA:29,1
DA:30,1
DA:31,1
DA:32,1
DA:33,1
DA:34,1
DA:35,1
DA:42,4
DA:44,4
DA:45,4
DA:46,3
DA:47,3
DA:49,1
DA:50,1
DA:53,4
DA:62,4
DA:79,1
DA:118,1
DA:119,4
LF:30
LH:30
BRDA:45,0,0,3
BRDA:45,1,0,4
BRDA:45,1,1,2
BRF:3
BRH:3
end_of_record
TN:
SF:src\app\stores\header-store\useHeaderStore.ts
FN:20,(anonymous_0)
FN:22,(anonymous_1)
FN:23,(anonymous_2)
FNF:3
FNH:3
FNDA:2,(anonymous_0)
FNDA:20,(anonymous_1)
FNDA:27,(anonymous_2)
DA:8,2
DA:10,2
DA:20,2
DA:22,20
DA:23,27
LF:5
LH:5
BRF:0
BRH:0
end_of_record
TN:
SF:src\app\stores\header-store\constants\headerConstants.ts
FNF:0
FNH:0
DA:12,3
LF:1
LH:1
BRF:0
BRH:0
end_of_record
TN:
SF:src\app\stores\header-store\hooks\useHeader.ts
FN:36,useHeader
FN:37,(anonymous_1)
FN:38,(anonymous_2)
FN:40,(anonymous_3)
FN:42,(anonymous_4)
FNF:5
FNH:5
FNDA:13,useHeader
FNDA:58,(anonymous_1)
FNDA:58,(anonymous_2)
FNDA:13,(anonymous_3)
FNDA:13,(anonymous_4)
DA:8,1
DA:9,1
DA:36,1
DA:37,58
DA:38,58
DA:40,13
DA:41,13
DA:42,13
DA:44,13
LF:9
LH:9
BRF:0
BRH:0
end_of_record
